Performing C SOURCE FILE Test OpenMP_FLAG_DETECTED failed with the following output:
Change Dir: /Users/Yinggx/Projects/AR/ORB_SLAM2_AR/ORB_SLAM2/Thirdparty/g2o/build/CMakeFiles/CMakeTmp

Run Build Command:"/usr/bin/xcodebuild" "-project" "CMAKE_TRY_COMPILE.xcodeproj" "build" "-target" "cmTC_82f48" "-configuration" "Debug"
=== BUILD TARGET cmTC_82f48 OF PROJECT CMAKE_TRY_COMPILE WITH CONFIGURATION Debug ===

Check dependencies

Write auxiliary files
/bin/mkdir -p /Users/Yinggx/Projects/AR/ORB_SLAM2_AR/ORB_SLAM2/Thirdparty/g2o/build/CMakeFiles/CMakeTmp/CMAKE_TRY_COMPILE.build/Debug/cmTC_82f48.build/Objects-normal/x86_64
write-file /Users/Yinggx/Projects/AR/ORB_SLAM2_AR/ORB_SLAM2/Thirdparty/g2o/build/CMakeFiles/CMakeTmp/CMAKE_TRY_COMPILE.build/Debug/cmTC_82f48.build/Objects-normal/x86_64/cmTC_82f48.LinkFileList

CompileC CMAKE_TRY_COMPILE.build/Debug/cmTC_82f48.build/Objects-normal/x86_64/src.o src.c normal x86_64 c com.apple.compilers.llvm.clang.1_0.compiler
    cd /Users/Yinggx/Projects/AR/ORB_SLAM2_AR/ORB_SLAM2/Thirdparty/g2o/build/CMakeFiles/CMakeTmp
    export LANG=en_US.US-ASCII
    /Applications/Xcode.app/Contents/Developer/Toolchains/XcodeDefault.xctoolchain/usr/bin/clang -x c -arch x86_64 -fmessage-length=0 -fdiagnostics-show-note-include-stack -fmacro-backtrace-limit=0 -Wno-trigraphs -fpascal-strings -O0 -Wno-missing-field-initializers -Wno-missing-prototypes -Wno-return-type -Wno-missing-braces -Wparentheses -Wswitch -Wno-unused-function -Wno-unused-label -Wno-unused-parameter -Wno-unused-variable -Wunused-value -Wno-empty-body -Wno-uninitialized -Wno-unknown-pragmas -Wno-shadow -Wno-four-char-constants -Wno-conversion -Wno-constant-conversion -Wno-int-conversion -Wno-bool-conversion -Wno-enum-conversion -Wno-shorten-64-to-32 -Wpointer-sign -Wno-newline-eof -DCMAKE_INTDIR=\"Debug\" -DLAPACK_USE_F2C -isysroot /Applications/Xcode.app/Contents/Developer/Platforms/MacOSX.platform/Developer/SDKs/MacOSX10.11.sdk -fasm-blocks -fstrict-aliasing -Wdeprecated-declarations -mmacosx-version-min=10.11 -g -Wno-sign-conversion -I/Users/Yinggx/Projects/AR/ORB_SLAM2_AR/ORB_SLAM2/Thirdparty/g2o/build/CMakeFiles/CMakeTmp/Debug/include -I/Users/Yinggx/Projects/AR/ORB_SLAM2_AR/ORB_SLAM2/Thirdparty/g2o/build/CMakeFiles/CMakeTmp/CMAKE_TRY_COMPILE.build/Debug/cmTC_82f48.build/DerivedSources/x86_64 -I/Users/Yinggx/Projects/AR/ORB_SLAM2_AR/ORB_SLAM2/Thirdparty/g2o/build/CMakeFiles/CMakeTmp/CMAKE_TRY_COMPILE.build/Debug/cmTC_82f48.build/DerivedSources -Wmost -Wno-four-char-constants -Wno-unknown-pragmas -F/Users/Yinggx/Projects/AR/ORB_SLAM2_AR/ORB_SLAM2/Thirdparty/g2o/build/CMakeFiles/CMakeTmp/Debug -DOpenMP_FLAG_DETECTED -MMD -MT dependencies -MF /Users/Yinggx/Projects/AR/ORB_SLAM2_AR/ORB_SLAM2/Thirdparty/g2o/build/CMakeFiles/CMakeTmp/CMAKE_TRY_COMPILE.build/Debug/cmTC_82f48.build/Objects-normal/x86_64/src.d --serialize-diagnostics /Users/Yinggx/Projects/AR/ORB_SLAM2_AR/ORB_SLAM2/Thirdparty/g2o/build/CMakeFiles/CMakeTmp/CMAKE_TRY_COMPILE.build/Debug/cmTC_82f48.build/Objects-normal/x86_64/src.dia -c /Users/Yinggx/Projects/AR/ORB_SLAM2_AR/ORB_SLAM2/Thirdparty/g2o/build/CMakeFiles/CMakeTmp/src.c -o /Users/Yinggx/Projects/AR/ORB_SLAM2_AR/ORB_SLAM2/Thirdparty/g2o/build/CMakeFiles/CMakeTmp/CMAKE_TRY_COMPILE.build/Debug/cmTC_82f48.build/Objects-normal/x86_64/src.o
/Users/Yinggx/Projects/AR/ORB_SLAM2_AR/ORB_SLAM2/Thirdparty/g2o/build/CMakeFiles/CMakeTmp/src.c:2:10: fatal error: 'omp.h' file not found
#include <omp.h>
         ^
1 error generated.

** BUILD FAILED **


The following build commands failed:
	CompileC CMAKE_TRY_COMPILE.build/Debug/cmTC_82f48.build/Objects-normal/x86_64/src.o src.c normal x86_64 c com.apple.compilers.llvm.clang.1_0.compiler
(1 failure)

Source file was:

#include <omp.h>
int main() {
#ifdef _OPENMP
  return 0;
#else
  breaks_on_purpose
#endif
}

Performing C SOURCE FILE Test OpenMP_FLAG_DETECTED failed with the following output:
Change Dir: /Users/Yinggx/Projects/AR/ORB_SLAM2_AR/ORB_SLAM2/Thirdparty/g2o/build/CMakeFiles/CMakeTmp

Run Build Command:"/usr/bin/xcodebuild" "-project" "CMAKE_TRY_COMPILE.xcodeproj" "build" "-target" "cmTC_1c8cb" "-configuration" "Debug"
=== BUILD TARGET cmTC_1c8cb OF PROJECT CMAKE_TRY_COMPILE WITH CONFIGURATION Debug ===

Check dependencies

Write auxiliary files
/bin/mkdir -p /Users/Yinggx/Projects/AR/ORB_SLAM2_AR/ORB_SLAM2/Thirdparty/g2o/build/CMakeFiles/CMakeTmp/CMAKE_TRY_COMPILE.build/Debug/cmTC_1c8cb.build/Objects-normal/x86_64
write-file /Users/Yinggx/Projects/AR/ORB_SLAM2_AR/ORB_SLAM2/Thirdparty/g2o/build/CMakeFiles/CMakeTmp/CMAKE_TRY_COMPILE.build/Debug/cmTC_1c8cb.build/Objects-normal/x86_64/cmTC_1c8cb.LinkFileList

CompileC CMAKE_TRY_COMPILE.build/Debug/cmTC_1c8cb.build/Objects-normal/x86_64/src.o src.c normal x86_64 c com.apple.compilers.llvm.clang.1_0.compiler
    cd /Users/Yinggx/Projects/AR/ORB_SLAM2_AR/ORB_SLAM2/Thirdparty/g2o/build/CMakeFiles/CMakeTmp
    export LANG=en_US.US-ASCII
    /Applications/Xcode.app/Contents/Developer/Toolchains/XcodeDefault.xctoolchain/usr/bin/clang -x c -arch x86_64 -fmessage-length=0 -fdiagnostics-show-note-include-stack -fmacro-backtrace-limit=0 -Wno-trigraphs -fpascal-strings -O0 -Wno-missing-field-initializers -Wno-missing-prototypes -Wno-return-type -Wno-missing-braces -Wparentheses -Wswitch -Wno-unused-function -Wno-unused-label -Wno-unused-parameter -Wno-unused-variable -Wunused-value -Wno-empty-body -Wno-uninitialized -Wno-unknown-pragmas -Wno-shadow -Wno-four-char-constants -Wno-conversion -Wno-constant-conversion -Wno-int-conversion -Wno-bool-conversion -Wno-enum-conversion -Wno-shorten-64-to-32 -Wpointer-sign -Wno-newline-eof -DCMAKE_INTDIR=\"Debug\" -DLAPACK_USE_F2C -isysroot /Applications/Xcode.app/Contents/Developer/Platforms/MacOSX.platform/Developer/SDKs/MacOSX10.11.sdk -fasm-blocks -fstrict-aliasing -Wdeprecated-declarations -mmacosx-version-min=10.11 -g -Wno-sign-conversion -I/Users/Yinggx/Projects/AR/ORB_SLAM2_AR/ORB_SLAM2/Thirdparty/g2o/build/CMakeFiles/CMakeTmp/Debug/include -I/Users/Yinggx/Projects/AR/ORB_SLAM2_AR/ORB_SLAM2/Thirdparty/g2o/build/CMakeFiles/CMakeTmp/CMAKE_TRY_COMPILE.build/Debug/cmTC_1c8cb.build/DerivedSources/x86_64 -I/Users/Yinggx/Projects/AR/ORB_SLAM2_AR/ORB_SLAM2/Thirdparty/g2o/build/CMakeFiles/CMakeTmp/CMAKE_TRY_COMPILE.build/Debug/cmTC_1c8cb.build/DerivedSources -Wmost -Wno-four-char-constants -Wno-unknown-pragmas -F/Users/Yinggx/Projects/AR/ORB_SLAM2_AR/ORB_SLAM2/Thirdparty/g2o/build/CMakeFiles/CMakeTmp/Debug -DOpenMP_FLAG_DETECTED -fopenmp -MMD -MT dependencies -MF /Users/Yinggx/Projects/AR/ORB_SLAM2_AR/ORB_SLAM2/Thirdparty/g2o/build/CMakeFiles/CMakeTmp/CMAKE_TRY_COMPILE.build/Debug/cmTC_1c8cb.build/Objects-normal/x86_64/src.d --serialize-diagnostics /Users/Yinggx/Projects/AR/ORB_SLAM2_AR/ORB_SLAM2/Thirdparty/g2o/build/CMakeFiles/CMakeTmp/CMAKE_TRY_COMPILE.build/Debug/cmTC_1c8cb.build/Objects-normal/x86_64/src.dia -c /Users/Yinggx/Projects/AR/ORB_SLAM2_AR/ORB_SLAM2/Thirdparty/g2o/build/CMakeFiles/CMakeTmp/src.c -o /Users/Yinggx/Projects/AR/ORB_SLAM2_AR/ORB_SLAM2/Thirdparty/g2o/build/CMakeFiles/CMakeTmp/CMAKE_TRY_COMPILE.build/Debug/cmTC_1c8cb.build/Objects-normal/x86_64/src.o
clang: error: unsupported option '-fopenmp'

** BUILD FAILED **


The following build commands failed:
	CompileC CMAKE_TRY_COMPILE.build/Debug/cmTC_1c8cb.build/Objects-normal/x86_64/src.o src.c normal x86_64 c com.apple.compilers.llvm.clang.1_0.compiler
(1 failure)

Source file was:

#include <omp.h>
int main() {
#ifdef _OPENMP
  return 0;
#else
  breaks_on_purpose
#endif
}

Performing C SOURCE FILE Test OpenMP_FLAG_DETECTED failed with the following output:
Change Dir: /Users/Yinggx/Projects/AR/ORB_SLAM2_AR/ORB_SLAM2/Thirdparty/g2o/build/CMakeFiles/CMakeTmp

Run Build Command:"/usr/bin/xcodebuild" "-project" "CMAKE_TRY_COMPILE.xcodeproj" "build" "-target" "cmTC_f4f4a" "-configuration" "Debug"
=== BUILD TARGET cmTC_f4f4a OF PROJECT CMAKE_TRY_COMPILE WITH CONFIGURATION Debug ===

Check dependencies

Write auxiliary files
/bin/mkdir -p /Users/Yinggx/Projects/AR/ORB_SLAM2_AR/ORB_SLAM2/Thirdparty/g2o/build/CMakeFiles/CMakeTmp/CMAKE_TRY_COMPILE.build/Debug/cmTC_f4f4a.build/Objects-normal/x86_64
write-file /Users/Yinggx/Projects/AR/ORB_SLAM2_AR/ORB_SLAM2/Thirdparty/g2o/build/CMakeFiles/CMakeTmp/CMAKE_TRY_COMPILE.build/Debug/cmTC_f4f4a.build/Objects-normal/x86_64/cmTC_f4f4a.LinkFileList

CompileC CMAKE_TRY_COMPILE.build/Debug/cmTC_f4f4a.build/Objects-normal/x86_64/src.o src.c normal x86_64 c com.apple.compilers.llvm.clang.1_0.compiler
    cd /Users/Yinggx/Projects/AR/ORB_SLAM2_AR/ORB_SLAM2/Thirdparty/g2o/build/CMakeFiles/CMakeTmp
    export LANG=en_US.US-ASCII
    /Applications/Xcode.app/Contents/Developer/Toolchains/XcodeDefault.xctoolchain/usr/bin/clang -x c -arch x86_64 -fmessage-length=0 -fdiagnostics-show-note-include-stack -fmacro-backtrace-limit=0 -Wno-trigraphs -fpascal-strings -O0 -Wno-missing-field-initializers -Wno-missing-prototypes -Wno-return-type -Wno-missing-braces -Wparentheses -Wswitch -Wno-unused-function -Wno-unused-label -Wno-unused-parameter -Wno-unused-variable -Wunused-value -Wno-empty-body -Wno-uninitialized -Wno-unknown-pragmas -Wno-shadow -Wno-four-char-constants -Wno-conversion -Wno-constant-conversion -Wno-int-conversion -Wno-bool-conversion -Wno-enum-conversion -Wno-shorten-64-to-32 -Wpointer-sign -Wno-newline-eof -DCMAKE_INTDIR=\"Debug\" -DLAPACK_USE_F2C -isysroot /Applications/Xcode.app/Contents/Developer/Platforms/MacOSX.platform/Developer/SDKs/MacOSX10.11.sdk -fasm-blocks -fstrict-aliasing -Wdeprecated-declarations -mmacosx-version-min=10.11 -g -Wno-sign-conversion -I/Users/Yinggx/Projects/AR/ORB_SLAM2_AR/ORB_SLAM2/Thirdparty/g2o/build/CMakeFiles/CMakeTmp/Debug/include -I/Users/Yinggx/Projects/AR/ORB_SLAM2_AR/ORB_SLAM2/Thirdparty/g2o/build/CMakeFiles/CMakeTmp/CMAKE_TRY_COMPILE.build/Debug/cmTC_f4f4a.build/DerivedSources/x86_64 -I/Users/Yinggx/Projects/AR/ORB_SLAM2_AR/ORB_SLAM2/Thirdparty/g2o/build/CMakeFiles/CMakeTmp/CMAKE_TRY_COMPILE.build/Debug/cmTC_f4f4a.build/DerivedSources -Wmost -Wno-four-char-constants -Wno-unknown-pragmas -F/Users/Yinggx/Projects/AR/ORB_SLAM2_AR/ORB_SLAM2/Thirdparty/g2o/build/CMakeFiles/CMakeTmp/Debug -DOpenMP_FLAG_DETECTED /openmp -MMD -MT dependencies -MF /Users/Yinggx/Projects/AR/ORB_SLAM2_AR/ORB_SLAM2/Thirdparty/g2o/build/CMakeFiles/CMakeTmp/CMAKE_TRY_COMPILE.build/Debug/cmTC_f4f4a.build/Objects-normal/x86_64/src.d --serialize-diagnostics /Users/Yinggx/Projects/AR/ORB_SLAM2_AR/ORB_SLAM2/Thirdparty/g2o/build/CMakeFiles/CMakeTmp/CMAKE_TRY_COMPILE.build/Debug/cmTC_f4f4a.build/Objects-normal/x86_64/src.dia -c /Users/Yinggx/Projects/AR/ORB_SLAM2_AR/ORB_SLAM2/Thirdparty/g2o/build/CMakeFiles/CMakeTmp/src.c -o /Users/Yinggx/Projects/AR/ORB_SLAM2_AR/ORB_SLAM2/Thirdparty/g2o/build/CMakeFiles/CMakeTmp/CMAKE_TRY_COMPILE.build/Debug/cmTC_f4f4a.build/Objects-normal/x86_64/src.o
clang: error: no such file or directory: '/openmp'

** BUILD FAILED **


The following build commands failed:
	CompileC CMAKE_TRY_COMPILE.build/Debug/cmTC_f4f4a.build/Objects-normal/x86_64/src.o src.c normal x86_64 c com.apple.compilers.llvm.clang.1_0.compiler
(1 failure)

Source file was:

#include <omp.h>
int main() {
#ifdef _OPENMP
  return 0;
#else
  breaks_on_purpose
#endif
}

Performing C SOURCE FILE Test OpenMP_FLAG_DETECTED failed with the following output:
Change Dir: /Users/Yinggx/Projects/AR/ORB_SLAM2_AR/ORB_SLAM2/Thirdparty/g2o/build/CMakeFiles/CMakeTmp

Run Build Command:"/usr/bin/xcodebuild" "-project" "CMAKE_TRY_COMPILE.xcodeproj" "build" "-target" "cmTC_6a144" "-configuration" "Debug"
=== BUILD TARGET cmTC_6a144 OF PROJECT CMAKE_TRY_COMPILE WITH CONFIGURATION Debug ===

Check dependencies

Write auxiliary files
/bin/mkdir -p /Users/Yinggx/Projects/AR/ORB_SLAM2_AR/ORB_SLAM2/Thirdparty/g2o/build/CMakeFiles/CMakeTmp/CMAKE_TRY_COMPILE.build/Debug/cmTC_6a144.build/Objects-normal/x86_64
write-file /Users/Yinggx/Projects/AR/ORB_SLAM2_AR/ORB_SLAM2/Thirdparty/g2o/build/CMakeFiles/CMakeTmp/CMAKE_TRY_COMPILE.build/Debug/cmTC_6a144.build/Objects-normal/x86_64/cmTC_6a144.LinkFileList

CompileC CMAKE_TRY_COMPILE.build/Debug/cmTC_6a144.build/Objects-normal/x86_64/src.o src.c normal x86_64 c com.apple.compilers.llvm.clang.1_0.compiler
    cd /Users/Yinggx/Projects/AR/ORB_SLAM2_AR/ORB_SLAM2/Thirdparty/g2o/build/CMakeFiles/CMakeTmp
    export LANG=en_US.US-ASCII
    /Applications/Xcode.app/Contents/Developer/Toolchains/XcodeDefault.xctoolchain/usr/bin/clang -x c -arch x86_64 -fmessage-length=0 -fdiagnostics-show-note-include-stack -fmacro-backtrace-limit=0 -Wno-trigraphs -fpascal-strings -O0 -Wno-missing-field-initializers -Wno-missing-prototypes -Wno-return-type -Wno-missing-braces -Wparentheses -Wswitch -Wno-unused-function -Wno-unused-label -Wno-unused-parameter -Wno-unused-variable -Wunused-value -Wno-empty-body -Wno-uninitialized -Wno-unknown-pragmas -Wno-shadow -Wno-four-char-constants -Wno-conversion -Wno-constant-conversion -Wno-int-conversion -Wno-bool-conversion -Wno-enum-conversion -Wno-shorten-64-to-32 -Wpointer-sign -Wno-newline-eof -DCMAKE_INTDIR=\"Debug\" -DLAPACK_USE_F2C -isysroot /Applications/Xcode.app/Contents/Developer/Platforms/MacOSX.platform/Developer/SDKs/MacOSX10.11.sdk -fasm-blocks -fstrict-aliasing -Wdeprecated-declarations -mmacosx-version-min=10.11 -g -Wno-sign-conversion -I/Users/Yinggx/Projects/AR/ORB_SLAM2_AR/ORB_SLAM2/Thirdparty/g2o/build/CMakeFiles/CMakeTmp/Debug/include -I/Users/Yinggx/Projects/AR/ORB_SLAM2_AR/ORB_SLAM2/Thirdparty/g2o/build/CMakeFiles/CMakeTmp/CMAKE_TRY_COMPILE.build/Debug/cmTC_6a144.build/DerivedSources/x86_64 -I/Users/Yinggx/Projects/AR/ORB_SLAM2_AR/ORB_SLAM2/Thirdparty/g2o/build/CMakeFiles/CMakeTmp/CMAKE_TRY_COMPILE.build/Debug/cmTC_6a144.build/DerivedSources -Wmost -Wno-four-char-constants -Wno-unknown-pragmas -F/Users/Yinggx/Projects/AR/ORB_SLAM2_AR/ORB_SLAM2/Thirdparty/g2o/build/CMakeFiles/CMakeTmp/Debug -DOpenMP_FLAG_DETECTED -Qopenmp -MMD -MT dependencies -MF /Users/Yinggx/Projects/AR/ORB_SLAM2_AR/ORB_SLAM2/Thirdparty/g2o/build/CMakeFiles/CMakeTmp/CMAKE_TRY_COMPILE.build/Debug/cmTC_6a144.build/Objects-normal/x86_64/src.d --serialize-diagnostics /Users/Yinggx/Projects/AR/ORB_SLAM2_AR/ORB_SLAM2/Thirdparty/g2o/build/CMakeFiles/CMakeTmp/CMAKE_TRY_COMPILE.build/Debug/cmTC_6a144.build/Objects-normal/x86_64/src.dia -c /Users/Yinggx/Projects/AR/ORB_SLAM2_AR/ORB_SLAM2/Thirdparty/g2o/build/CMakeFiles/CMakeTmp/src.c -o /Users/Yinggx/Projects/AR/ORB_SLAM2_AR/ORB_SLAM2/Thirdparty/g2o/build/CMakeFiles/CMakeTmp/CMAKE_TRY_COMPILE.build/Debug/cmTC_6a144.build/Objects-normal/x86_64/src.o
clang: error: unknown argument: '-Qopenmp'

** BUILD FAILED **


The following build commands failed:
	CompileC CMAKE_TRY_COMPILE.build/Debug/cmTC_6a144.build/Objects-normal/x86_64/src.o src.c normal x86_64 c com.apple.compilers.llvm.clang.1_0.compiler
(1 failure)

Source file was:

#include <omp.h>
int main() {
#ifdef _OPENMP
  return 0;
#else
  breaks_on_purpose
#endif
}

Performing C SOURCE FILE Test OpenMP_FLAG_DETECTED failed with the following output:
Change Dir: /Users/Yinggx/Projects/AR/ORB_SLAM2_AR/ORB_SLAM2/Thirdparty/g2o/build/CMakeFiles/CMakeTmp

Run Build Command:"/usr/bin/xcodebuild" "-project" "CMAKE_TRY_COMPILE.xcodeproj" "build" "-target" "cmTC_5f60d" "-configuration" "Debug"
=== BUILD TARGET cmTC_5f60d OF PROJECT CMAKE_TRY_COMPILE WITH CONFIGURATION Debug ===

Check dependencies

Write auxiliary files
/bin/mkdir -p /Users/Yinggx/Projects/AR/ORB_SLAM2_AR/ORB_SLAM2/Thirdparty/g2o/build/CMakeFiles/CMakeTmp/CMAKE_TRY_COMPILE.build/Debug/cmTC_5f60d.build/Objects-normal/x86_64
write-file /Users/Yinggx/Projects/AR/ORB_SLAM2_AR/ORB_SLAM2/Thirdparty/g2o/build/CMakeFiles/CMakeTmp/CMAKE_TRY_COMPILE.build/Debug/cmTC_5f60d.build/Objects-normal/x86_64/cmTC_5f60d.LinkFileList

CompileC CMAKE_TRY_COMPILE.build/Debug/cmTC_5f60d.build/Objects-normal/x86_64/src.o src.c normal x86_64 c com.apple.compilers.llvm.clang.1_0.compiler
    cd /Users/Yinggx/Projects/AR/ORB_SLAM2_AR/ORB_SLAM2/Thirdparty/g2o/build/CMakeFiles/CMakeTmp
    export LANG=en_US.US-ASCII
    /Applications/Xcode.app/Contents/Developer/Toolchains/XcodeDefault.xctoolchain/usr/bin/clang -x c -arch x86_64 -fmessage-length=0 -fdiagnostics-show-note-include-stack -fmacro-backtrace-limit=0 -Wno-trigraphs -fpascal-strings -O0 -Wno-missing-field-initializers -Wno-missing-prototypes -Wno-return-type -Wno-missing-braces -Wparentheses -Wswitch -Wno-unused-function -Wno-unused-label -Wno-unused-parameter -Wno-unused-variable -Wunused-value -Wno-empty-body -Wno-uninitialized -Wno-unknown-pragmas -Wno-shadow -Wno-four-char-constants -Wno-conversion -Wno-constant-conversion -Wno-int-conversion -Wno-bool-conversion -Wno-enum-conversion -Wno-shorten-64-to-32 -Wpointer-sign -Wno-newline-eof -DCMAKE_INTDIR=\"Debug\" -DLAPACK_USE_F2C -isysroot /Applications/Xcode.app/Contents/Developer/Platforms/MacOSX.platform/Developer/SDKs/MacOSX10.11.sdk -fasm-blocks -fstrict-aliasing -Wdeprecated-declarations -mmacosx-version-min=10.11 -g -Wno-sign-conversion -I/Users/Yinggx/Projects/AR/ORB_SLAM2_AR/ORB_SLAM2/Thirdparty/g2o/build/CMakeFiles/CMakeTmp/Debug/include -I/Users/Yinggx/Projects/AR/ORB_SLAM2_AR/ORB_SLAM2/Thirdparty/g2o/build/CMakeFiles/CMakeTmp/CMAKE_TRY_COMPILE.build/Debug/cmTC_5f60d.build/DerivedSources/x86_64 -I/Users/Yinggx/Projects/AR/ORB_SLAM2_AR/ORB_SLAM2/Thirdparty/g2o/build/CMakeFiles/CMakeTmp/CMAKE_TRY_COMPILE.build/Debug/cmTC_5f60d.build/DerivedSources -Wmost -Wno-four-char-constants -Wno-unknown-pragmas -F/Users/Yinggx/Projects/AR/ORB_SLAM2_AR/ORB_SLAM2/Thirdparty/g2o/build/CMakeFiles/CMakeTmp/Debug -DOpenMP_FLAG_DETECTED -openmp -MMD -MT dependencies -MF /Users/Yinggx/Projects/AR/ORB_SLAM2_AR/ORB_SLAM2/Thirdparty/g2o/build/CMakeFiles/CMakeTmp/CMAKE_TRY_COMPILE.build/Debug/cmTC_5f60d.build/Objects-normal/x86_64/src.d --serialize-diagnostics /Users/Yinggx/Projects/AR/ORB_SLAM2_AR/ORB_SLAM2/Thirdparty/g2o/build/CMakeFiles/CMakeTmp/CMAKE_TRY_COMPILE.build/Debug/cmTC_5f60d.build/Objects-normal/x86_64/src.dia -c /Users/Yinggx/Projects/AR/ORB_SLAM2_AR/ORB_SLAM2/Thirdparty/g2o/build/CMakeFiles/CMakeTmp/src.c -o /Users/Yinggx/Projects/AR/ORB_SLAM2_AR/ORB_SLAM2/Thirdparty/g2o/build/CMakeFiles/CMakeTmp/CMAKE_TRY_COMPILE.build/Debug/cmTC_5f60d.build/Objects-normal/x86_64/src.o
/Users/Yinggx/Projects/AR/ORB_SLAM2_AR/ORB_SLAM2/Thirdparty/g2o/build/CMakeFiles/CMakeTmp/src.c:2:10: fatal error: 'omp.h' file not found
#include <omp.h>
         ^
1 error generated.

** BUILD FAILED **


The following build commands failed:
	CompileC CMAKE_TRY_COMPILE.build/Debug/cmTC_5f60d.build/Objects-normal/x86_64/src.o src.c normal x86_64 c com.apple.compilers.llvm.clang.1_0.compiler
(1 failure)

Source file was:

#include <omp.h>
int main() {
#ifdef _OPENMP
  return 0;
#else
  breaks_on_purpose
#endif
}

Performing C SOURCE FILE Test OpenMP_FLAG_DETECTED failed with the following output:
Change Dir: /Users/Yinggx/Projects/AR/ORB_SLAM2_AR/ORB_SLAM2/Thirdparty/g2o/build/CMakeFiles/CMakeTmp

Run Build Command:"/usr/bin/xcodebuild" "-project" "CMAKE_TRY_COMPILE.xcodeproj" "build" "-target" "cmTC_06812" "-configuration" "Debug"
=== BUILD TARGET cmTC_06812 OF PROJECT CMAKE_TRY_COMPILE WITH CONFIGURATION Debug ===

Check dependencies

Write auxiliary files
/bin/mkdir -p /Users/Yinggx/Projects/AR/ORB_SLAM2_AR/ORB_SLAM2/Thirdparty/g2o/build/CMakeFiles/CMakeTmp/CMAKE_TRY_COMPILE.build/Debug/cmTC_06812.build/Objects-normal/x86_64
write-file /Users/Yinggx/Projects/AR/ORB_SLAM2_AR/ORB_SLAM2/Thirdparty/g2o/build/CMakeFiles/CMakeTmp/CMAKE_TRY_COMPILE.build/Debug/cmTC_06812.build/Objects-normal/x86_64/cmTC_06812.LinkFileList

CompileC CMAKE_TRY_COMPILE.build/Debug/cmTC_06812.build/Objects-normal/x86_64/src.o src.c normal x86_64 c com.apple.compilers.llvm.clang.1_0.compiler
    cd /Users/Yinggx/Projects/AR/ORB_SLAM2_AR/ORB_SLAM2/Thirdparty/g2o/build/CMakeFiles/CMakeTmp
    export LANG=en_US.US-ASCII
    /Applications/Xcode.app/Contents/Developer/Toolchains/XcodeDefault.xctoolchain/usr/bin/clang -x c -arch x86_64 -fmessage-length=0 -fdiagnostics-show-note-include-stack -fmacro-backtrace-limit=0 -Wno-trigraphs -fpascal-strings -O0 -Wno-missing-field-initializers -Wno-missing-prototypes -Wno-return-type -Wno-missing-braces -Wparentheses -Wswitch -Wno-unused-function -Wno-unused-label -Wno-unused-parameter -Wno-unused-variable -Wunused-value -Wno-empty-body -Wno-uninitialized -Wno-unknown-pragmas -Wno-shadow -Wno-four-char-constants -Wno-conversion -Wno-constant-conversion -Wno-int-conversion -Wno-bool-conversion -Wno-enum-conversion -Wno-shorten-64-to-32 -Wpointer-sign -Wno-newline-eof -DCMAKE_INTDIR=\"Debug\" -DLAPACK_USE_F2C -isysroot /Applications/Xcode.app/Contents/Developer/Platforms/MacOSX.platform/Developer/SDKs/MacOSX10.11.sdk -fasm-blocks -fstrict-aliasing -Wdeprecated-declarations -mmacosx-version-min=10.11 -g -Wno-sign-conversion -I/Users/Yinggx/Projects/AR/ORB_SLAM2_AR/ORB_SLAM2/Thirdparty/g2o/build/CMakeFiles/CMakeTmp/Debug/include -I/Users/Yinggx/Projects/AR/ORB_SLAM2_AR/ORB_SLAM2/Thirdparty/g2o/build/CMakeFiles/CMakeTmp/CMAKE_TRY_COMPILE.build/Debug/cmTC_06812.build/DerivedSources/x86_64 -I/Users/Yinggx/Projects/AR/ORB_SLAM2_AR/ORB_SLAM2/Thirdparty/g2o/build/CMakeFiles/CMakeTmp/CMAKE_TRY_COMPILE.build/Debug/cmTC_06812.build/DerivedSources -Wmost -Wno-four-char-constants -Wno-unknown-pragmas -F/Users/Yinggx/Projects/AR/ORB_SLAM2_AR/ORB_SLAM2/Thirdparty/g2o/build/CMakeFiles/CMakeTmp/Debug -DOpenMP_FLAG_DETECTED -xopenmp -MMD -MT dependencies -MF /Users/Yinggx/Projects/AR/ORB_SLAM2_AR/ORB_SLAM2/Thirdparty/g2o/build/CMakeFiles/CMakeTmp/CMAKE_TRY_COMPILE.build/Debug/cmTC_06812.build/Objects-normal/x86_64/src.d --serialize-diagnostics /Users/Yinggx/Projects/AR/ORB_SLAM2_AR/ORB_SLAM2/Thirdparty/g2o/build/CMakeFiles/CMakeTmp/CMAKE_TRY_COMPILE.build/Debug/cmTC_06812.build/Objects-normal/x86_64/src.dia -c /Users/Yinggx/Projects/AR/ORB_SLAM2_AR/ORB_SLAM2/Thirdparty/g2o/build/CMakeFiles/CMakeTmp/src.c -o /Users/Yinggx/Projects/AR/ORB_SLAM2_AR/ORB_SLAM2/Thirdparty/g2o/build/CMakeFiles/CMakeTmp/CMAKE_TRY_COMPILE.build/Debug/cmTC_06812.build/Objects-normal/x86_64/src.o
clang: error: language not recognized: 'openmp'
clang: warning: /Users/Yinggx/Projects/AR/ORB_SLAM2_AR/ORB_SLAM2/Thirdparty/g2o/build/CMakeFiles/CMakeTmp/src.c: 'linker' input unused

** BUILD FAILED **


The following build commands failed:
	CompileC CMAKE_TRY_COMPILE.build/Debug/cmTC_06812.build/Objects-normal/x86_64/src.o src.c normal x86_64 c com.apple.compilers.llvm.clang.1_0.compiler
(1 failure)

Source file was:

#include <omp.h>
int main() {
#ifdef _OPENMP
  return 0;
#else
  breaks_on_purpose
#endif
}

Performing C SOURCE FILE Test OpenMP_FLAG_DETECTED failed with the following output:
Change Dir: /Users/Yinggx/Projects/AR/ORB_SLAM2_AR/ORB_SLAM2/Thirdparty/g2o/build/CMakeFiles/CMakeTmp

Run Build Command:"/usr/bin/xcodebuild" "-project" "CMAKE_TRY_COMPILE.xcodeproj" "build" "-target" "cmTC_ecf64" "-configuration" "Debug"
=== BUILD TARGET cmTC_ecf64 OF PROJECT CMAKE_TRY_COMPILE WITH CONFIGURATION Debug ===

Check dependencies

Write auxiliary files
/bin/mkdir -p /Users/Yinggx/Projects/AR/ORB_SLAM2_AR/ORB_SLAM2/Thirdparty/g2o/build/CMakeFiles/CMakeTmp/CMAKE_TRY_COMPILE.build/Debug/cmTC_ecf64.build/Objects-normal/x86_64
write-file /Users/Yinggx/Projects/AR/ORB_SLAM2_AR/ORB_SLAM2/Thirdparty/g2o/build/CMakeFiles/CMakeTmp/CMAKE_TRY_COMPILE.build/Debug/cmTC_ecf64.build/Objects-normal/x86_64/cmTC_ecf64.LinkFileList

CompileC CMAKE_TRY_COMPILE.build/Debug/cmTC_ecf64.build/Objects-normal/x86_64/src.o src.c normal x86_64 c com.apple.compilers.llvm.clang.1_0.compiler
    cd /Users/Yinggx/Projects/AR/ORB_SLAM2_AR/ORB_SLAM2/Thirdparty/g2o/build/CMakeFiles/CMakeTmp
    export LANG=en_US.US-ASCII
    /Applications/Xcode.app/Contents/Developer/Toolchains/XcodeDefault.xctoolchain/usr/bin/clang -x c -arch x86_64 -fmessage-length=0 -fdiagnostics-show-note-include-stack -fmacro-backtrace-limit=0 -Wno-trigraphs -fpascal-strings -O0 -Wno-missing-field-initializers -Wno-missing-prototypes -Wno-return-type -Wno-missing-braces -Wparentheses -Wswitch -Wno-unused-function -Wno-unused-label -Wno-unused-parameter -Wno-unused-variable -Wunused-value -Wno-empty-body -Wno-uninitialized -Wno-unknown-pragmas -Wno-shadow -Wno-four-char-constants -Wno-conversion -Wno-constant-conversion -Wno-int-conversion -Wno-bool-conversion -Wno-enum-conversion -Wno-shorten-64-to-32 -Wpointer-sign -Wno-newline-eof -DCMAKE_INTDIR=\"Debug\" -DLAPACK_USE_F2C -isysroot /Applications/Xcode.app/Contents/Developer/Platforms/MacOSX.platform/Developer/SDKs/MacOSX10.11.sdk -fasm-blocks -fstrict-aliasing -Wdeprecated-declarations -mmacosx-version-min=10.11 -g -Wno-sign-conversion -I/Users/Yinggx/Projects/AR/ORB_SLAM2_AR/ORB_SLAM2/Thirdparty/g2o/build/CMakeFiles/CMakeTmp/Debug/include -I/Users/Yinggx/Projects/AR/ORB_SLAM2_AR/ORB_SLAM2/Thirdparty/g2o/build/CMakeFiles/CMakeTmp/CMAKE_TRY_COMPILE.build/Debug/cmTC_ecf64.build/DerivedSources/x86_64 -I/Users/Yinggx/Projects/AR/ORB_SLAM2_AR/ORB_SLAM2/Thirdparty/g2o/build/CMakeFiles/CMakeTmp/CMAKE_TRY_COMPILE.build/Debug/cmTC_ecf64.build/DerivedSources -Wmost -Wno-four-char-constants -Wno-unknown-pragmas -F/Users/Yinggx/Projects/AR/ORB_SLAM2_AR/ORB_SLAM2/Thirdparty/g2o/build/CMakeFiles/CMakeTmp/Debug -DOpenMP_FLAG_DETECTED +Oopenmp -MMD -MT dependencies -MF /Users/Yinggx/Projects/AR/ORB_SLAM2_AR/ORB_SLAM2/Thirdparty/g2o/build/CMakeFiles/CMakeTmp/CMAKE_TRY_COMPILE.build/Debug/cmTC_ecf64.build/Objects-normal/x86_64/src.d --serialize-diagnostics /Users/Yinggx/Projects/AR/ORB_SLAM2_AR/ORB_SLAM2/Thirdparty/g2o/build/CMakeFiles/CMakeTmp/CMAKE_TRY_COMPILE.build/Debug/cmTC_ecf64.build/Objects-normal/x86_64/src.dia -c /Users/Yinggx/Projects/AR/ORB_SLAM2_AR/ORB_SLAM2/Thirdparty/g2o/build/CMakeFiles/CMakeTmp/src.c -o /Users/Yinggx/Projects/AR/ORB_SLAM2_AR/ORB_SLAM2/Thirdparty/g2o/build/CMakeFiles/CMakeTmp/CMAKE_TRY_COMPILE.build/Debug/cmTC_ecf64.build/Objects-normal/x86_64/src.o
clang: error: no such file or directory: '+Oopenmp'

** BUILD FAILED **


The following build commands failed:
	CompileC CMAKE_TRY_COMPILE.build/Debug/cmTC_ecf64.build/Objects-normal/x86_64/src.o src.c normal x86_64 c com.apple.compilers.llvm.clang.1_0.compiler
(1 failure)

Source file was:

#include <omp.h>
int main() {
#ifdef _OPENMP
  return 0;
#else
  breaks_on_purpose
#endif
}

Performing C SOURCE FILE Test OpenMP_FLAG_DETECTED failed with the following output:
Change Dir: /Users/Yinggx/Projects/AR/ORB_SLAM2_AR/ORB_SLAM2/Thirdparty/g2o/build/CMakeFiles/CMakeTmp

Run Build Command:"/usr/bin/xcodebuild" "-project" "CMAKE_TRY_COMPILE.xcodeproj" "build" "-target" "cmTC_e4140" "-configuration" "Debug"
=== BUILD TARGET cmTC_e4140 OF PROJECT CMAKE_TRY_COMPILE WITH CONFIGURATION Debug ===

Check dependencies

Write auxiliary files
/bin/mkdir -p /Users/Yinggx/Projects/AR/ORB_SLAM2_AR/ORB_SLAM2/Thirdparty/g2o/build/CMakeFiles/CMakeTmp/CMAKE_TRY_COMPILE.build/Debug/cmTC_e4140.build/Objects-normal/x86_64
write-file /Users/Yinggx/Projects/AR/ORB_SLAM2_AR/ORB_SLAM2/Thirdparty/g2o/build/CMakeFiles/CMakeTmp/CMAKE_TRY_COMPILE.build/Debug/cmTC_e4140.build/Objects-normal/x86_64/cmTC_e4140.LinkFileList

CompileC CMAKE_TRY_COMPILE.build/Debug/cmTC_e4140.build/Objects-normal/x86_64/src.o src.c normal x86_64 c com.apple.compilers.llvm.clang.1_0.compiler
    cd /Users/Yinggx/Projects/AR/ORB_SLAM2_AR/ORB_SLAM2/Thirdparty/g2o/build/CMakeFiles/CMakeTmp
    export LANG=en_US.US-ASCII
    /Applications/Xcode.app/Contents/Developer/Toolchains/XcodeDefault.xctoolchain/usr/bin/clang -x c -arch x86_64 -fmessage-length=0 -fdiagnostics-show-note-include-stack -fmacro-backtrace-limit=0 -Wno-trigraphs -fpascal-strings -O0 -Wno-missing-field-initializers -Wno-missing-prototypes -Wno-return-type -Wno-missing-braces -Wparentheses -Wswitch -Wno-unused-function -Wno-unused-label -Wno-unused-parameter -Wno-unused-variable -Wunused-value -Wno-empty-body -Wno-uninitialized -Wno-unknown-pragmas -Wno-shadow -Wno-four-char-constants -Wno-conversion -Wno-constant-conversion -Wno-int-conversion -Wno-bool-conversion -Wno-enum-conversion -Wno-shorten-64-to-32 -Wpointer-sign -Wno-newline-eof -DCMAKE_INTDIR=\"Debug\" -DLAPACK_USE_F2C -isysroot /Applications/Xcode.app/Contents/Developer/Platforms/MacOSX.platform/Developer/SDKs/MacOSX10.11.sdk -fasm-blocks -fstrict-aliasing -Wdeprecated-declarations -mmacosx-version-min=10.11 -g -Wno-sign-conversion -I/Users/Yinggx/Projects/AR/ORB_SLAM2_AR/ORB_SLAM2/Thirdparty/g2o/build/CMakeFiles/CMakeTmp/Debug/include -I/Users/Yinggx/Projects/AR/ORB_SLAM2_AR/ORB_SLAM2/Thirdparty/g2o/build/CMakeFiles/CMakeTmp/CMAKE_TRY_COMPILE.build/Debug/cmTC_e4140.build/DerivedSources/x86_64 -I/Users/Yinggx/Projects/AR/ORB_SLAM2_AR/ORB_SLAM2/Thirdparty/g2o/build/CMakeFiles/CMakeTmp/CMAKE_TRY_COMPILE.build/Debug/cmTC_e4140.build/DerivedSources -Wmost -Wno-four-char-constants -Wno-unknown-pragmas -F/Users/Yinggx/Projects/AR/ORB_SLAM2_AR/ORB_SLAM2/Thirdparty/g2o/build/CMakeFiles/CMakeTmp/Debug -DOpenMP_FLAG_DETECTED -qsmp -MMD -MT dependencies -MF /Users/Yinggx/Projects/AR/ORB_SLAM2_AR/ORB_SLAM2/Thirdparty/g2o/build/CMakeFiles/CMakeTmp/CMAKE_TRY_COMPILE.build/Debug/cmTC_e4140.build/Objects-normal/x86_64/src.d --serialize-diagnostics /Users/Yinggx/Projects/AR/ORB_SLAM2_AR/ORB_SLAM2/Thirdparty/g2o/build/CMakeFiles/CMakeTmp/CMAKE_TRY_COMPILE.build/Debug/cmTC_e4140.build/Objects-normal/x86_64/src.dia -c /Users/Yinggx/Projects/AR/ORB_SLAM2_AR/ORB_SLAM2/Thirdparty/g2o/build/CMakeFiles/CMakeTmp/src.c -o /Users/Yinggx/Projects/AR/ORB_SLAM2_AR/ORB_SLAM2/Thirdparty/g2o/build/CMakeFiles/CMakeTmp/CMAKE_TRY_COMPILE.build/Debug/cmTC_e4140.build/Objects-normal/x86_64/src.o
clang: error: unknown argument: '-qsmp'

** BUILD FAILED **


The following build commands failed:
	CompileC CMAKE_TRY_COMPILE.build/Debug/cmTC_e4140.build/Objects-normal/x86_64/src.o src.c normal x86_64 c com.apple.compilers.llvm.clang.1_0.compiler
(1 failure)

Source file was:

#include <omp.h>
int main() {
#ifdef _OPENMP
  return 0;
#else
  breaks_on_purpose
#endif
}

Performing C SOURCE FILE Test OpenMP_FLAG_DETECTED failed with the following output:
Change Dir: /Users/Yinggx/Projects/AR/ORB_SLAM2_AR/ORB_SLAM2/Thirdparty/g2o/build/CMakeFiles/CMakeTmp

Run Build Command:"/usr/bin/xcodebuild" "-project" "CMAKE_TRY_COMPILE.xcodeproj" "build" "-target" "cmTC_de0a7" "-configuration" "Debug"
=== BUILD TARGET cmTC_de0a7 OF PROJECT CMAKE_TRY_COMPILE WITH CONFIGURATION Debug ===

Check dependencies

Write auxiliary files
/bin/mkdir -p /Users/Yinggx/Projects/AR/ORB_SLAM2_AR/ORB_SLAM2/Thirdparty/g2o/build/CMakeFiles/CMakeTmp/CMAKE_TRY_COMPILE.build/Debug/cmTC_de0a7.build/Objects-normal/x86_64
write-file /Users/Yinggx/Projects/AR/ORB_SLAM2_AR/ORB_SLAM2/Thirdparty/g2o/build/CMakeFiles/CMakeTmp/CMAKE_TRY_COMPILE.build/Debug/cmTC_de0a7.build/Objects-normal/x86_64/cmTC_de0a7.LinkFileList

CompileC CMAKE_TRY_COMPILE.build/Debug/cmTC_de0a7.build/Objects-normal/x86_64/src.o src.c normal x86_64 c com.apple.compilers.llvm.clang.1_0.compiler
    cd /Users/Yinggx/Projects/AR/ORB_SLAM2_AR/ORB_SLAM2/Thirdparty/g2o/build/CMakeFiles/CMakeTmp
    export LANG=en_US.US-ASCII
    /Applications/Xcode.app/Contents/Developer/Toolchains/XcodeDefault.xctoolchain/usr/bin/clang -x c -arch x86_64 -fmessage-length=0 -fdiagnostics-show-note-include-stack -fmacro-backtrace-limit=0 -Wno-trigraphs -fpascal-strings -O0 -Wno-missing-field-initializers -Wno-missing-prototypes -Wno-return-type -Wno-missing-braces -Wparentheses -Wswitch -Wno-unused-function -Wno-unused-label -Wno-unused-parameter -Wno-unused-variable -Wunused-value -Wno-empty-body -Wno-uninitialized -Wno-unknown-pragmas -Wno-shadow -Wno-four-char-constants -Wno-conversion -Wno-constant-conversion -Wno-int-conversion -Wno-bool-conversion -Wno-enum-conversion -Wno-shorten-64-to-32 -Wpointer-sign -Wno-newline-eof -DCMAKE_INTDIR=\"Debug\" -DLAPACK_USE_F2C -isysroot /Applications/Xcode.app/Contents/Developer/Platforms/MacOSX.platform/Developer/SDKs/MacOSX10.11.sdk -fasm-blocks -fstrict-aliasing -Wdeprecated-declarations -mmacosx-version-min=10.11 -g -Wno-sign-conversion -I/Users/Yinggx/Projects/AR/ORB_SLAM2_AR/ORB_SLAM2/Thirdparty/g2o/build/CMakeFiles/CMakeTmp/Debug/include -I/Users/Yinggx/Projects/AR/ORB_SLAM2_AR/ORB_SLAM2/Thirdparty/g2o/build/CMakeFiles/CMakeTmp/CMAKE_TRY_COMPILE.build/Debug/cmTC_de0a7.build/DerivedSources/x86_64 -I/Users/Yinggx/Projects/AR/ORB_SLAM2_AR/ORB_SLAM2/Thirdparty/g2o/build/CMakeFiles/CMakeTmp/CMAKE_TRY_COMPILE.build/Debug/cmTC_de0a7.build/DerivedSources -Wmost -Wno-four-char-constants -Wno-unknown-pragmas -F/Users/Yinggx/Projects/AR/ORB_SLAM2_AR/ORB_SLAM2/Thirdparty/g2o/build/CMakeFiles/CMakeTmp/Debug -DOpenMP_FLAG_DETECTED -mp -MMD -MT dependencies -MF /Users/Yinggx/Projects/AR/ORB_SLAM2_AR/ORB_SLAM2/Thirdparty/g2o/build/CMakeFiles/CMakeTmp/CMAKE_TRY_COMPILE.build/Debug/cmTC_de0a7.build/Objects-normal/x86_64/src.d --serialize-diagnostics /Users/Yinggx/Projects/AR/ORB_SLAM2_AR/ORB_SLAM2/Thirdparty/g2o/build/CMakeFiles/CMakeTmp/CMAKE_TRY_COMPILE.build/Debug/cmTC_de0a7.build/Objects-normal/x86_64/src.dia -c /Users/Yinggx/Projects/AR/ORB_SLAM2_AR/ORB_SLAM2/Thirdparty/g2o/build/CMakeFiles/CMakeTmp/src.c -o /Users/Yinggx/Projects/AR/ORB_SLAM2_AR/ORB_SLAM2/Thirdparty/g2o/build/CMakeFiles/CMakeTmp/CMAKE_TRY_COMPILE.build/Debug/cmTC_de0a7.build/Objects-normal/x86_64/src.o
clang: error: unknown argument: '-mp'

** BUILD FAILED **


The following build commands failed:
	CompileC CMAKE_TRY_COMPILE.build/Debug/cmTC_de0a7.build/Objects-normal/x86_64/src.o src.c normal x86_64 c com.apple.compilers.llvm.clang.1_0.compiler
(1 failure)

Source file was:

#include <omp.h>
int main() {
#ifdef _OPENMP
  return 0;
#else
  breaks_on_purpose
#endif
}

Performing C++ SOURCE FILE Test OpenMP_FLAG_DETECTED failed with the following output:
Change Dir: /Users/Yinggx/Projects/AR/ORB_SLAM2_AR/ORB_SLAM2/Thirdparty/g2o/build/CMakeFiles/CMakeTmp

Run Build Command:"/usr/bin/xcodebuild" "-project" "CMAKE_TRY_COMPILE.xcodeproj" "build" "-target" "cmTC_8d01d" "-configuration" "Debug"
=== BUILD TARGET cmTC_8d01d OF PROJECT CMAKE_TRY_COMPILE WITH CONFIGURATION Debug ===

Check dependencies

Write auxiliary files
/bin/mkdir -p /Users/Yinggx/Projects/AR/ORB_SLAM2_AR/ORB_SLAM2/Thirdparty/g2o/build/CMakeFiles/CMakeTmp/CMAKE_TRY_COMPILE.build/Debug/cmTC_8d01d.build/Objects-normal/x86_64
write-file /Users/Yinggx/Projects/AR/ORB_SLAM2_AR/ORB_SLAM2/Thirdparty/g2o/build/CMakeFiles/CMakeTmp/CMAKE_TRY_COMPILE.build/Debug/cmTC_8d01d.build/Objects-normal/x86_64/cmTC_8d01d.LinkFileList

CompileC CMAKE_TRY_COMPILE.build/Debug/cmTC_8d01d.build/Objects-normal/x86_64/src.o src.cxx normal x86_64 c++ com.apple.compilers.llvm.clang.1_0.compiler
    cd /Users/Yinggx/Projects/AR/ORB_SLAM2_AR/ORB_SLAM2/Thirdparty/g2o/build/CMakeFiles/CMakeTmp
    export LANG=en_US.US-ASCII
    /Applications/Xcode.app/Contents/Developer/Toolchains/XcodeDefault.xctoolchain/usr/bin/clang -x c++ -arch x86_64 -fmessage-length=0 -fdiagnostics-show-note-include-stack -fmacro-backtrace-limit=0 -Wno-trigraphs -fpascal-strings -O0 -Wno-missing-field-initializers -Wno-missing-prototypes -Wno-return-type -Wno-non-virtual-dtor -Wno-overloaded-virtual -Wno-exit-time-destructors -Wno-missing-braces -Wparentheses -Wswitch -Wno-unused-function -Wno-unused-label -Wno-unused-parameter -Wno-unused-variable -Wunused-value -Wno-empty-body -Wno-uninitialized -Wno-unknown-pragmas -Wno-shadow -Wno-four-char-constants -Wno-conversion -Wno-constant-conversion -Wno-int-conversion -Wno-bool-conversion -Wno-enum-conversion -Wno-shorten-64-to-32 -Wno-newline-eof -Wno-c++11-extensions -DCMAKE_INTDIR=\"Debug\" -DLAPACK_USE_F2C -isysroot /Applications/Xcode.app/Contents/Developer/Platforms/MacOSX.platform/Developer/SDKs/MacOSX10.11.sdk -fasm-blocks -fstrict-aliasing -Wdeprecated-declarations -Winvalid-offsetof -mmacosx-version-min=10.11 -g -Wno-sign-conversion -I/Users/Yinggx/Projects/AR/ORB_SLAM2_AR/ORB_SLAM2/Thirdparty/g2o/build/CMakeFiles/CMakeTmp/Debug/include -I/Users/Yinggx/Projects/AR/ORB_SLAM2_AR/ORB_SLAM2/Thirdparty/g2o/build/CMakeFiles/CMakeTmp/CMAKE_TRY_COMPILE.build/Debug/cmTC_8d01d.build/DerivedSources/x86_64 -I/Users/Yinggx/Projects/AR/ORB_SLAM2_AR/ORB_SLAM2/Thirdparty/g2o/build/CMakeFiles/CMakeTmp/CMAKE_TRY_COMPILE.build/Debug/cmTC_8d01d.build/DerivedSources -Wmost -Wno-four-char-constants -Wno-unknown-pragmas -F/Users/Yinggx/Projects/AR/ORB_SLAM2_AR/ORB_SLAM2/Thirdparty/g2o/build/CMakeFiles/CMakeTmp/Debug -DOpenMP_FLAG_DETECTED -MMD -MT dependencies -MF /Users/Yinggx/Projects/AR/ORB_SLAM2_AR/ORB_SLAM2/Thirdparty/g2o/build/CMakeFiles/CMakeTmp/CMAKE_TRY_COMPILE.build/Debug/cmTC_8d01d.build/Objects-normal/x86_64/src.d --serialize-diagnostics /Users/Yinggx/Projects/AR/ORB_SLAM2_AR/ORB_SLAM2/Thirdparty/g2o/build/CMakeFiles/CMakeTmp/CMAKE_TRY_COMPILE.build/Debug/cmTC_8d01d.build/Objects-normal/x86_64/src.dia -c /Users/Yinggx/Projects/AR/ORB_SLAM2_AR/ORB_SLAM2/Thirdparty/g2o/build/CMakeFiles/CMakeTmp/src.cxx -o /Users/Yinggx/Projects/AR/ORB_SLAM2_AR/ORB_SLAM2/Thirdparty/g2o/build/CMakeFiles/CMakeTmp/CMAKE_TRY_COMPILE.build/Debug/cmTC_8d01d.build/Objects-normal/x86_64/src.o
/Users/Yinggx/Projects/AR/ORB_SLAM2_AR/ORB_SLAM2/Thirdparty/g2o/build/CMakeFiles/CMakeTmp/src.cxx:2:10: fatal error: 'omp.h' file not found
#include <omp.h>
         ^
1 error generated.

** BUILD FAILED **


The following build commands failed:
	CompileC CMAKE_TRY_COMPILE.build/Debug/cmTC_8d01d.build/Objects-normal/x86_64/src.o src.cxx normal x86_64 c++ com.apple.compilers.llvm.clang.1_0.compiler
(1 failure)

Source file was:

#include <omp.h>
int main() {
#ifdef _OPENMP
  return 0;
#else
  breaks_on_purpose
#endif
}

Performing C++ SOURCE FILE Test OpenMP_FLAG_DETECTED failed with the following output:
Change Dir: /Users/Yinggx/Projects/AR/ORB_SLAM2_AR/ORB_SLAM2/Thirdparty/g2o/build/CMakeFiles/CMakeTmp

Run Build Command:"/usr/bin/xcodebuild" "-project" "CMAKE_TRY_COMPILE.xcodeproj" "build" "-target" "cmTC_f58b8" "-configuration" "Debug"
=== BUILD TARGET cmTC_f58b8 OF PROJECT CMAKE_TRY_COMPILE WITH CONFIGURATION Debug ===

Check dependencies

Write auxiliary files
/bin/mkdir -p /Users/Yinggx/Projects/AR/ORB_SLAM2_AR/ORB_SLAM2/Thirdparty/g2o/build/CMakeFiles/CMakeTmp/CMAKE_TRY_COMPILE.build/Debug/cmTC_f58b8.build/Objects-normal/x86_64
write-file /Users/Yinggx/Projects/AR/ORB_SLAM2_AR/ORB_SLAM2/Thirdparty/g2o/build/CMakeFiles/CMakeTmp/CMAKE_TRY_COMPILE.build/Debug/cmTC_f58b8.build/Objects-normal/x86_64/cmTC_f58b8.LinkFileList

CompileC CMAKE_TRY_COMPILE.build/Debug/cmTC_f58b8.build/Objects-normal/x86_64/src.o src.cxx normal x86_64 c++ com.apple.compilers.llvm.clang.1_0.compiler
    cd /Users/Yinggx/Projects/AR/ORB_SLAM2_AR/ORB_SLAM2/Thirdparty/g2o/build/CMakeFiles/CMakeTmp
    export LANG=en_US.US-ASCII
    /Applications/Xcode.app/Contents/Developer/Toolchains/XcodeDefault.xctoolchain/usr/bin/clang -x c++ -arch x86_64 -fmessage-length=0 -fdiagnostics-show-note-include-stack -fmacro-backtrace-limit=0 -Wno-trigraphs -fpascal-strings -O0 -Wno-missing-field-initializers -Wno-missing-prototypes -Wno-return-type -Wno-non-virtual-dtor -Wno-overloaded-virtual -Wno-exit-time-destructors -Wno-missing-braces -Wparentheses -Wswitch -Wno-unused-function -Wno-unused-label -Wno-unused-parameter -Wno-unused-variable -Wunused-value -Wno-empty-body -Wno-uninitialized -Wno-unknown-pragmas -Wno-shadow -Wno-four-char-constants -Wno-conversion -Wno-constant-conversion -Wno-int-conversion -Wno-bool-conversion -Wno-enum-conversion -Wno-shorten-64-to-32 -Wno-newline-eof -Wno-c++11-extensions -DCMAKE_INTDIR=\"Debug\" -DLAPACK_USE_F2C -isysroot /Applications/Xcode.app/Contents/Developer/Platforms/MacOSX.platform/Developer/SDKs/MacOSX10.11.sdk -fasm-blocks -fstrict-aliasing -Wdeprecated-declarations -Winvalid-offsetof -mmacosx-version-min=10.11 -g -Wno-sign-conversion -I/Users/Yinggx/Projects/AR/ORB_SLAM2_AR/ORB_SLAM2/Thirdparty/g2o/build/CMakeFiles/CMakeTmp/Debug/include -I/Users/Yinggx/Projects/AR/ORB_SLAM2_AR/ORB_SLAM2/Thirdparty/g2o/build/CMakeFiles/CMakeTmp/CMAKE_TRY_COMPILE.build/Debug/cmTC_f58b8.build/DerivedSources/x86_64 -I/Users/Yinggx/Projects/AR/ORB_SLAM2_AR/ORB_SLAM2/Thirdparty/g2o/build/CMakeFiles/CMakeTmp/CMAKE_TRY_COMPILE.build/Debug/cmTC_f58b8.build/DerivedSources -Wmost -Wno-four-char-constants -Wno-unknown-pragmas -F/Users/Yinggx/Projects/AR/ORB_SLAM2_AR/ORB_SLAM2/Thirdparty/g2o/build/CMakeFiles/CMakeTmp/Debug -DOpenMP_FLAG_DETECTED -fopenmp -MMD -MT dependencies -MF /Users/Yinggx/Projects/AR/ORB_SLAM2_AR/ORB_SLAM2/Thirdparty/g2o/build/CMakeFiles/CMakeTmp/CMAKE_TRY_COMPILE.build/Debug/cmTC_f58b8.build/Objects-normal/x86_64/src.d --serialize-diagnostics /Users/Yinggx/Projects/AR/ORB_SLAM2_AR/ORB_SLAM2/Thirdparty/g2o/build/CMakeFiles/CMakeTmp/CMAKE_TRY_COMPILE.build/Debug/cmTC_f58b8.build/Objects-normal/x86_64/src.dia -c /Users/Yinggx/Projects/AR/ORB_SLAM2_AR/ORB_SLAM2/Thirdparty/g2o/build/CMakeFiles/CMakeTmp/src.cxx -o /Users/Yinggx/Projects/AR/ORB_SLAM2_AR/ORB_SLAM2/Thirdparty/g2o/build/CMakeFiles/CMakeTmp/CMAKE_TRY_COMPILE.build/Debug/cmTC_f58b8.build/Objects-normal/x86_64/src.o
clang: error: unsupported option '-fopenmp'

** BUILD FAILED **


The following build commands failed:
	CompileC CMAKE_TRY_COMPILE.build/Debug/cmTC_f58b8.build/Objects-normal/x86_64/src.o src.cxx normal x86_64 c++ com.apple.compilers.llvm.clang.1_0.compiler
(1 failure)

Source file was:

#include <omp.h>
int main() {
#ifdef _OPENMP
  return 0;
#else
  breaks_on_purpose
#endif
}

Performing C++ SOURCE FILE Test OpenMP_FLAG_DETECTED failed with the following output:
Change Dir: /Users/Yinggx/Projects/AR/ORB_SLAM2_AR/ORB_SLAM2/Thirdparty/g2o/build/CMakeFiles/CMakeTmp

Run Build Command:"/usr/bin/xcodebuild" "-project" "CMAKE_TRY_COMPILE.xcodeproj" "build" "-target" "cmTC_aeed0" "-configuration" "Debug"
=== BUILD TARGET cmTC_aeed0 OF PROJECT CMAKE_TRY_COMPILE WITH CONFIGURATION Debug ===

Check dependencies

Write auxiliary files
/bin/mkdir -p /Users/Yinggx/Projects/AR/ORB_SLAM2_AR/ORB_SLAM2/Thirdparty/g2o/build/CMakeFiles/CMakeTmp/CMAKE_TRY_COMPILE.build/Debug/cmTC_aeed0.build/Objects-normal/x86_64
write-file /Users/Yinggx/Projects/AR/ORB_SLAM2_AR/ORB_SLAM2/Thirdparty/g2o/build/CMakeFiles/CMakeTmp/CMAKE_TRY_COMPILE.build/Debug/cmTC_aeed0.build/Objects-normal/x86_64/cmTC_aeed0.LinkFileList

CompileC CMAKE_TRY_COMPILE.build/Debug/cmTC_aeed0.build/Objects-normal/x86_64/src.o src.cxx normal x86_64 c++ com.apple.compilers.llvm.clang.1_0.compiler
    cd /Users/Yinggx/Projects/AR/ORB_SLAM2_AR/ORB_SLAM2/Thirdparty/g2o/build/CMakeFiles/CMakeTmp
    export LANG=en_US.US-ASCII
    /Applications/Xcode.app/Contents/Developer/Toolchains/XcodeDefault.xctoolchain/usr/bin/clang -x c++ -arch x86_64 -fmessage-length=0 -fdiagnostics-show-note-include-stack -fmacro-backtrace-limit=0 -Wno-trigraphs -fpascal-strings -O0 -Wno-missing-field-initializers -Wno-missing-prototypes -Wno-return-type -Wno-non-virtual-dtor -Wno-overloaded-virtual -Wno-exit-time-destructors -Wno-missing-braces -Wparentheses -Wswitch -Wno-unused-function -Wno-unused-label -Wno-unused-parameter -Wno-unused-variable -Wunused-value -Wno-empty-body -Wno-uninitialized -Wno-unknown-pragmas -Wno-shadow -Wno-four-char-constants -Wno-conversion -Wno-constant-conversion -Wno-int-conversion -Wno-bool-conversion -Wno-enum-conversion -Wno-shorten-64-to-32 -Wno-newline-eof -Wno-c++11-extensions -DCMAKE_INTDIR=\"Debug\" -DLAPACK_USE_F2C -isysroot /Applications/Xcode.app/Contents/Developer/Platforms/MacOSX.platform/Developer/SDKs/MacOSX10.11.sdk -fasm-blocks -fstrict-aliasing -Wdeprecated-declarations -Winvalid-offsetof -mmacosx-version-min=10.11 -g -Wno-sign-conversion -I/Users/Yinggx/Projects/AR/ORB_SLAM2_AR/ORB_SLAM2/Thirdparty/g2o/build/CMakeFiles/CMakeTmp/Debug/include -I/Users/Yinggx/Projects/AR/ORB_SLAM2_AR/ORB_SLAM2/Thirdparty/g2o/build/CMakeFiles/CMakeTmp/CMAKE_TRY_COMPILE.build/Debug/cmTC_aeed0.build/DerivedSources/x86_64 -I/Users/Yinggx/Projects/AR/ORB_SLAM2_AR/ORB_SLAM2/Thirdparty/g2o/build/CMakeFiles/CMakeTmp/CMAKE_TRY_COMPILE.build/Debug/cmTC_aeed0.build/DerivedSources -Wmost -Wno-four-char-constants -Wno-unknown-pragmas -F/Users/Yinggx/Projects/AR/ORB_SLAM2_AR/ORB_SLAM2/Thirdparty/g2o/build/CMakeFiles/CMakeTmp/Debug -DOpenMP_FLAG_DETECTED /openmp -MMD -MT dependencies -MF /Users/Yinggx/Projects/AR/ORB_SLAM2_AR/ORB_SLAM2/Thirdparty/g2o/build/CMakeFiles/CMakeTmp/CMAKE_TRY_COMPILE.build/Debug/cmTC_aeed0.build/Objects-normal/x86_64/src.d --serialize-diagnostics /Users/Yinggx/Projects/AR/ORB_SLAM2_AR/ORB_SLAM2/Thirdparty/g2o/build/CMakeFiles/CMakeTmp/CMAKE_TRY_COMPILE.build/Debug/cmTC_aeed0.build/Objects-normal/x86_64/src.dia -c /Users/Yinggx/Projects/AR/ORB_SLAM2_AR/ORB_SLAM2/Thirdparty/g2o/build/CMakeFiles/CMakeTmp/src.cxx -o /Users/Yinggx/Projects/AR/ORB_SLAM2_AR/ORB_SLAM2/Thirdparty/g2o/build/CMakeFiles/CMakeTmp/CMAKE_TRY_COMPILE.build/Debug/cmTC_aeed0.build/Objects-normal/x86_64/src.o
clang: error: no such file or directory: '/openmp'

** BUILD FAILED **


The following build commands failed:
	CompileC CMAKE_TRY_COMPILE.build/Debug/cmTC_aeed0.build/Objects-normal/x86_64/src.o src.cxx normal x86_64 c++ com.apple.compilers.llvm.clang.1_0.compiler
(1 failure)

Source file was:

#include <omp.h>
int main() {
#ifdef _OPENMP
  return 0;
#else
  breaks_on_purpose
#endif
}

Performing C++ SOURCE FILE Test OpenMP_FLAG_DETECTED failed with the following output:
Change Dir: /Users/Yinggx/Projects/AR/ORB_SLAM2_AR/ORB_SLAM2/Thirdparty/g2o/build/CMakeFiles/CMakeTmp

Run Build Command:"/usr/bin/xcodebuild" "-project" "CMAKE_TRY_COMPILE.xcodeproj" "build" "-target" "cmTC_be466" "-configuration" "Debug"
=== BUILD TARGET cmTC_be466 OF PROJECT CMAKE_TRY_COMPILE WITH CONFIGURATION Debug ===

Check dependencies

Write auxiliary files
/bin/mkdir -p /Users/Yinggx/Projects/AR/ORB_SLAM2_AR/ORB_SLAM2/Thirdparty/g2o/build/CMakeFiles/CMakeTmp/CMAKE_TRY_COMPILE.build/Debug/cmTC_be466.build/Objects-normal/x86_64
write-file /Users/Yinggx/Projects/AR/ORB_SLAM2_AR/ORB_SLAM2/Thirdparty/g2o/build/CMakeFiles/CMakeTmp/CMAKE_TRY_COMPILE.build/Debug/cmTC_be466.build/Objects-normal/x86_64/cmTC_be466.LinkFileList

CompileC CMAKE_TRY_COMPILE.build/Debug/cmTC_be466.build/Objects-normal/x86_64/src.o src.cxx normal x86_64 c++ com.apple.compilers.llvm.clang.1_0.compiler
    cd /Users/Yinggx/Projects/AR/ORB_SLAM2_AR/ORB_SLAM2/Thirdparty/g2o/build/CMakeFiles/CMakeTmp
    export LANG=en_US.US-ASCII
    /Applications/Xcode.app/Contents/Developer/Toolchains/XcodeDefault.xctoolchain/usr/bin/clang -x c++ -arch x86_64 -fmessage-length=0 -fdiagnostics-show-note-include-stack -fmacro-backtrace-limit=0 -Wno-trigraphs -fpascal-strings -O0 -Wno-missing-field-initializers -Wno-missing-prototypes -Wno-return-type -Wno-non-virtual-dtor -Wno-overloaded-virtual -Wno-exit-time-destructors -Wno-missing-braces -Wparentheses -Wswitch -Wno-unused-function -Wno-unused-label -Wno-unused-parameter -Wno-unused-variable -Wunused-value -Wno-empty-body -Wno-uninitialized -Wno-unknown-pragmas -Wno-shadow -Wno-four-char-constants -Wno-conversion -Wno-constant-conversion -Wno-int-conversion -Wno-bool-conversion -Wno-enum-conversion -Wno-shorten-64-to-32 -Wno-newline-eof -Wno-c++11-extensions -DCMAKE_INTDIR=\"Debug\" -DLAPACK_USE_F2C -isysroot /Applications/Xcode.app/Contents/Developer/Platforms/MacOSX.platform/Developer/SDKs/MacOSX10.11.sdk -fasm-blocks -fstrict-aliasing -Wdeprecated-declarations -Winvalid-offsetof -mmacosx-version-min=10.11 -g -Wno-sign-conversion -I/Users/Yinggx/Projects/AR/ORB_SLAM2_AR/ORB_SLAM2/Thirdparty/g2o/build/CMakeFiles/CMakeTmp/Debug/include -I/Users/Yinggx/Projects/AR/ORB_SLAM2_AR/ORB_SLAM2/Thirdparty/g2o/build/CMakeFiles/CMakeTmp/CMAKE_TRY_COMPILE.build/Debug/cmTC_be466.build/DerivedSources/x86_64 -I/Users/Yinggx/Projects/AR/ORB_SLAM2_AR/ORB_SLAM2/Thirdparty/g2o/build/CMakeFiles/CMakeTmp/CMAKE_TRY_COMPILE.build/Debug/cmTC_be466.build/DerivedSources -Wmost -Wno-four-char-constants -Wno-unknown-pragmas -F/Users/Yinggx/Projects/AR/ORB_SLAM2_AR/ORB_SLAM2/Thirdparty/g2o/build/CMakeFiles/CMakeTmp/Debug -DOpenMP_FLAG_DETECTED -Qopenmp -MMD -MT dependencies -MF /Users/Yinggx/Projects/AR/ORB_SLAM2_AR/ORB_SLAM2/Thirdparty/g2o/build/CMakeFiles/CMakeTmp/CMAKE_TRY_COMPILE.build/Debug/cmTC_be466.build/Objects-normal/x86_64/src.d --serialize-diagnostics /Users/Yinggx/Projects/AR/ORB_SLAM2_AR/ORB_SLAM2/Thirdparty/g2o/build/CMakeFiles/CMakeTmp/CMAKE_TRY_COMPILE.build/Debug/cmTC_be466.build/Objects-normal/x86_64/src.dia -c /Users/Yinggx/Projects/AR/ORB_SLAM2_AR/ORB_SLAM2/Thirdparty/g2o/build/CMakeFiles/CMakeTmp/src.cxx -o /Users/Yinggx/Projects/AR/ORB_SLAM2_AR/ORB_SLAM2/Thirdparty/g2o/build/CMakeFiles/CMakeTmp/CMAKE_TRY_COMPILE.build/Debug/cmTC_be466.build/Objects-normal/x86_64/src.o
clang: error: unknown argument: '-Qopenmp'

** BUILD FAILED **


The following build commands failed:
	CompileC CMAKE_TRY_COMPILE.build/Debug/cmTC_be466.build/Objects-normal/x86_64/src.o src.cxx normal x86_64 c++ com.apple.compilers.llvm.clang.1_0.compiler
(1 failure)

Source file was:

#include <omp.h>
int main() {
#ifdef _OPENMP
  return 0;
#else
  breaks_on_purpose
#endif
}

Performing C++ SOURCE FILE Test OpenMP_FLAG_DETECTED failed with the following output:
Change Dir: /Users/Yinggx/Projects/AR/ORB_SLAM2_AR/ORB_SLAM2/Thirdparty/g2o/build/CMakeFiles/CMakeTmp

Run Build Command:"/usr/bin/xcodebuild" "-project" "CMAKE_TRY_COMPILE.xcodeproj" "build" "-target" "cmTC_1fc0f" "-configuration" "Debug"
=== BUILD TARGET cmTC_1fc0f OF PROJECT CMAKE_TRY_COMPILE WITH CONFIGURATION Debug ===

Check dependencies

Write auxiliary files
/bin/mkdir -p /Users/Yinggx/Projects/AR/ORB_SLAM2_AR/ORB_SLAM2/Thirdparty/g2o/build/CMakeFiles/CMakeTmp/CMAKE_TRY_COMPILE.build/Debug/cmTC_1fc0f.build/Objects-normal/x86_64
write-file /Users/Yinggx/Projects/AR/ORB_SLAM2_AR/ORB_SLAM2/Thirdparty/g2o/build/CMakeFiles/CMakeTmp/CMAKE_TRY_COMPILE.build/Debug/cmTC_1fc0f.build/Objects-normal/x86_64/cmTC_1fc0f.LinkFileList

CompileC CMAKE_TRY_COMPILE.build/Debug/cmTC_1fc0f.build/Objects-normal/x86_64/src.o src.cxx normal x86_64 c++ com.apple.compilers.llvm.clang.1_0.compiler
    cd /Users/Yinggx/Projects/AR/ORB_SLAM2_AR/ORB_SLAM2/Thirdparty/g2o/build/CMakeFiles/CMakeTmp
    export LANG=en_US.US-ASCII
    /Applications/Xcode.app/Contents/Developer/Toolchains/XcodeDefault.xctoolchain/usr/bin/clang -x c++ -arch x86_64 -fmessage-length=0 -fdiagnostics-show-note-include-stack -fmacro-backtrace-limit=0 -Wno-trigraphs -fpascal-strings -O0 -Wno-missing-field-initializers -Wno-missing-prototypes -Wno-return-type -Wno-non-virtual-dtor -Wno-overloaded-virtual -Wno-exit-time-destructors -Wno-missing-braces -Wparentheses -Wswitch -Wno-unused-function -Wno-unused-label -Wno-unused-parameter -Wno-unused-variable -Wunused-value -Wno-empty-body -Wno-uninitialized -Wno-unknown-pragmas -Wno-shadow -Wno-four-char-constants -Wno-conversion -Wno-constant-conversion -Wno-int-conversion -Wno-bool-conversion -Wno-enum-conversion -Wno-shorten-64-to-32 -Wno-newline-eof -Wno-c++11-extensions -DCMAKE_INTDIR=\"Debug\" -DLAPACK_USE_F2C -isysroot /Applications/Xcode.app/Contents/Developer/Platforms/MacOSX.platform/Developer/SDKs/MacOSX10.11.sdk -fasm-blocks -fstrict-aliasing -Wdeprecated-declarations -Winvalid-offsetof -mmacosx-version-min=10.11 -g -Wno-sign-conversion -I/Users/Yinggx/Projects/AR/ORB_SLAM2_AR/ORB_SLAM2/Thirdparty/g2o/build/CMakeFiles/CMakeTmp/Debug/include -I/Users/Yinggx/Projects/AR/ORB_SLAM2_AR/ORB_SLAM2/Thirdparty/g2o/build/CMakeFiles/CMakeTmp/CMAKE_TRY_COMPILE.build/Debug/cmTC_1fc0f.build/DerivedSources/x86_64 -I/Users/Yinggx/Projects/AR/ORB_SLAM2_AR/ORB_SLAM2/Thirdparty/g2o/build/CMakeFiles/CMakeTmp/CMAKE_TRY_COMPILE.build/Debug/cmTC_1fc0f.build/DerivedSources -Wmost -Wno-four-char-constants -Wno-unknown-pragmas -F/Users/Yinggx/Projects/AR/ORB_SLAM2_AR/ORB_SLAM2/Thirdparty/g2o/build/CMakeFiles/CMakeTmp/Debug -DOpenMP_FLAG_DETECTED -openmp -MMD -MT dependencies -MF /Users/Yinggx/Projects/AR/ORB_SLAM2_AR/ORB_SLAM2/Thirdparty/g2o/build/CMakeFiles/CMakeTmp/CMAKE_TRY_COMPILE.build/Debug/cmTC_1fc0f.build/Objects-normal/x86_64/src.d --serialize-diagnostics /Users/Yinggx/Projects/AR/ORB_SLAM2_AR/ORB_SLAM2/Thirdparty/g2o/build/CMakeFiles/CMakeTmp/CMAKE_TRY_COMPILE.build/Debug/cmTC_1fc0f.build/Objects-normal/x86_64/src.dia -c /Users/Yinggx/Projects/AR/ORB_SLAM2_AR/ORB_SLAM2/Thirdparty/g2o/build/CMakeFiles/CMakeTmp/src.cxx -o /Users/Yinggx/Projects/AR/ORB_SLAM2_AR/ORB_SLAM2/Thirdparty/g2o/build/CMakeFiles/CMakeTmp/CMAKE_TRY_COMPILE.build/Debug/cmTC_1fc0f.build/Objects-normal/x86_64/src.o
/Users/Yinggx/Projects/AR/ORB_SLAM2_AR/ORB_SLAM2/Thirdparty/g2o/build/CMakeFiles/CMakeTmp/src.cxx:2:10: fatal error: 'omp.h' file not found
#include <omp.h>
         ^
1 error generated.

** BUILD FAILED **


The following build commands failed:
	CompileC CMAKE_TRY_COMPILE.build/Debug/cmTC_1fc0f.build/Objects-normal/x86_64/src.o src.cxx normal x86_64 c++ com.apple.compilers.llvm.clang.1_0.compiler
(1 failure)

Source file was:

#include <omp.h>
int main() {
#ifdef _OPENMP
  return 0;
#else
  breaks_on_purpose
#endif
}

Performing C++ SOURCE FILE Test OpenMP_FLAG_DETECTED failed with the following output:
Change Dir: /Users/Yinggx/Projects/AR/ORB_SLAM2_AR/ORB_SLAM2/Thirdparty/g2o/build/CMakeFiles/CMakeTmp

Run Build Command:"/usr/bin/xcodebuild" "-project" "CMAKE_TRY_COMPILE.xcodeproj" "build" "-target" "cmTC_79866" "-configuration" "Debug"
=== BUILD TARGET cmTC_79866 OF PROJECT CMAKE_TRY_COMPILE WITH CONFIGURATION Debug ===

Check dependencies

Write auxiliary files
/bin/mkdir -p /Users/Yinggx/Projects/AR/ORB_SLAM2_AR/ORB_SLAM2/Thirdparty/g2o/build/CMakeFiles/CMakeTmp/CMAKE_TRY_COMPILE.build/Debug/cmTC_79866.build/Objects-normal/x86_64
write-file /Users/Yinggx/Projects/AR/ORB_SLAM2_AR/ORB_SLAM2/Thirdparty/g2o/build/CMakeFiles/CMakeTmp/CMAKE_TRY_COMPILE.build/Debug/cmTC_79866.build/Objects-normal/x86_64/cmTC_79866.LinkFileList

CompileC CMAKE_TRY_COMPILE.build/Debug/cmTC_79866.build/Objects-normal/x86_64/src.o src.cxx normal x86_64 c++ com.apple.compilers.llvm.clang.1_0.compiler
    cd /Users/Yinggx/Projects/AR/ORB_SLAM2_AR/ORB_SLAM2/Thirdparty/g2o/build/CMakeFiles/CMakeTmp
    export LANG=en_US.US-ASCII
    /Applications/Xcode.app/Contents/Developer/Toolchains/XcodeDefault.xctoolchain/usr/bin/clang -x c++ -arch x86_64 -fmessage-length=0 -fdiagnostics-show-note-include-stack -fmacro-backtrace-limit=0 -Wno-trigraphs -fpascal-strings -O0 -Wno-missing-field-initializers -Wno-missing-prototypes -Wno-return-type -Wno-non-virtual-dtor -Wno-overloaded-virtual -Wno-exit-time-destructors -Wno-missing-braces -Wparentheses -Wswitch -Wno-unused-function -Wno-unused-label -Wno-unused-parameter -Wno-unused-variable -Wunused-value -Wno-empty-body -Wno-uninitialized -Wno-unknown-pragmas -Wno-shadow -Wno-four-char-constants -Wno-conversion -Wno-constant-conversion -Wno-int-conversion -Wno-bool-conversion -Wno-enum-conversion -Wno-shorten-64-to-32 -Wno-newline-eof -Wno-c++11-extensions -DCMAKE_INTDIR=\"Debug\" -DLAPACK_USE_F2C -isysroot /Applications/Xcode.app/Contents/Developer/Platforms/MacOSX.platform/Developer/SDKs/MacOSX10.11.sdk -fasm-blocks -fstrict-aliasing -Wdeprecated-declarations -Winvalid-offsetof -mmacosx-version-min=10.11 -g -Wno-sign-conversion -I/Users/Yinggx/Projects/AR/ORB_SLAM2_AR/ORB_SLAM2/Thirdparty/g2o/build/CMakeFiles/CMakeTmp/Debug/include -I/Users/Yinggx/Projects/AR/ORB_SLAM2_AR/ORB_SLAM2/Thirdparty/g2o/build/CMakeFiles/CMakeTmp/CMAKE_TRY_COMPILE.build/Debug/cmTC_79866.build/DerivedSources/x86_64 -I/Users/Yinggx/Projects/AR/ORB_SLAM2_AR/ORB_SLAM2/Thirdparty/g2o/build/CMakeFiles/CMakeTmp/CMAKE_TRY_COMPILE.build/Debug/cmTC_79866.build/DerivedSources -Wmost -Wno-four-char-constants -Wno-unknown-pragmas -F/Users/Yinggx/Projects/AR/ORB_SLAM2_AR/ORB_SLAM2/Thirdparty/g2o/build/CMakeFiles/CMakeTmp/Debug -DOpenMP_FLAG_DETECTED -xopenmp -MMD -MT dependencies -MF /Users/Yinggx/Projects/AR/ORB_SLAM2_AR/ORB_SLAM2/Thirdparty/g2o/build/CMakeFiles/CMakeTmp/CMAKE_TRY_COMPILE.build/Debug/cmTC_79866.build/Objects-normal/x86_64/src.d --serialize-diagnostics /Users/Yinggx/Projects/AR/ORB_SLAM2_AR/ORB_SLAM2/Thirdparty/g2o/build/CMakeFiles/CMakeTmp/CMAKE_TRY_COMPILE.build/Debug/cmTC_79866.build/Objects-normal/x86_64/src.dia -c /Users/Yinggx/Projects/AR/ORB_SLAM2_AR/ORB_SLAM2/Thirdparty/g2o/build/CMakeFiles/CMakeTmp/src.cxx -o /Users/Yinggx/Projects/AR/ORB_SLAM2_AR/ORB_SLAM2/Thirdparty/g2o/build/CMakeFiles/CMakeTmp/CMAKE_TRY_COMPILE.build/Debug/cmTC_79866.build/Objects-normal/x86_64/src.o
clang: error: language not recognized: 'openmp'
clang: warning: /Users/Yinggx/Projects/AR/ORB_SLAM2_AR/ORB_SLAM2/Thirdparty/g2o/build/CMakeFiles/CMakeTmp/src.cxx: 'linker' input unused

** BUILD FAILED **


The following build commands failed:
	CompileC CMAKE_TRY_COMPILE.build/Debug/cmTC_79866.build/Objects-normal/x86_64/src.o src.cxx normal x86_64 c++ com.apple.compilers.llvm.clang.1_0.compiler
(1 failure)

Source file was:

#include <omp.h>
int main() {
#ifdef _OPENMP
  return 0;
#else
  breaks_on_purpose
#endif
}

Performing C++ SOURCE FILE Test OpenMP_FLAG_DETECTED failed with the following output:
Change Dir: /Users/Yinggx/Projects/AR/ORB_SLAM2_AR/ORB_SLAM2/Thirdparty/g2o/build/CMakeFiles/CMakeTmp

Run Build Command:"/usr/bin/xcodebuild" "-project" "CMAKE_TRY_COMPILE.xcodeproj" "build" "-target" "cmTC_2a1cf" "-configuration" "Debug"
=== BUILD TARGET cmTC_2a1cf OF PROJECT CMAKE_TRY_COMPILE WITH CONFIGURATION Debug ===

Check dependencies

Write auxiliary files
/bin/mkdir -p /Users/Yinggx/Projects/AR/ORB_SLAM2_AR/ORB_SLAM2/Thirdparty/g2o/build/CMakeFiles/CMakeTmp/CMAKE_TRY_COMPILE.build/Debug/cmTC_2a1cf.build/Objects-normal/x86_64
write-file /Users/Yinggx/Projects/AR/ORB_SLAM2_AR/ORB_SLAM2/Thirdparty/g2o/build/CMakeFiles/CMakeTmp/CMAKE_TRY_COMPILE.build/Debug/cmTC_2a1cf.build/Objects-normal/x86_64/cmTC_2a1cf.LinkFileList

CompileC CMAKE_TRY_COMPILE.build/Debug/cmTC_2a1cf.build/Objects-normal/x86_64/src.o src.cxx normal x86_64 c++ com.apple.compilers.llvm.clang.1_0.compiler
    cd /Users/Yinggx/Projects/AR/ORB_SLAM2_AR/ORB_SLAM2/Thirdparty/g2o/build/CMakeFiles/CMakeTmp
    export LANG=en_US.US-ASCII
    /Applications/Xcode.app/Contents/Developer/Toolchains/XcodeDefault.xctoolchain/usr/bin/clang -x c++ -arch x86_64 -fmessage-length=0 -fdiagnostics-show-note-include-stack -fmacro-backtrace-limit=0 -Wno-trigraphs -fpascal-strings -O0 -Wno-missing-field-initializers -Wno-missing-prototypes -Wno-return-type -Wno-non-virtual-dtor -Wno-overloaded-virtual -Wno-exit-time-destructors -Wno-missing-braces -Wparentheses -Wswitch -Wno-unused-function -Wno-unused-label -Wno-unused-parameter -Wno-unused-variable -Wunused-value -Wno-empty-body -Wno-uninitialized -Wno-unknown-pragmas -Wno-shadow -Wno-four-char-constants -Wno-conversion -Wno-constant-conversion -Wno-int-conversion -Wno-bool-conversion -Wno-enum-conversion -Wno-shorten-64-to-32 -Wno-newline-eof -Wno-c++11-extensions -DCMAKE_INTDIR=\"Debug\" -DLAPACK_USE_F2C -isysroot /Applications/Xcode.app/Contents/Developer/Platforms/MacOSX.platform/Developer/SDKs/MacOSX10.11.sdk -fasm-blocks -fstrict-aliasing -Wdeprecated-declarations -Winvalid-offsetof -mmacosx-version-min=10.11 -g -Wno-sign-conversion -I/Users/Yinggx/Projects/AR/ORB_SLAM2_AR/ORB_SLAM2/Thirdparty/g2o/build/CMakeFiles/CMakeTmp/Debug/include -I/Users/Yinggx/Projects/AR/ORB_SLAM2_AR/ORB_SLAM2/Thirdparty/g2o/build/CMakeFiles/CMakeTmp/CMAKE_TRY_COMPILE.build/Debug/cmTC_2a1cf.build/DerivedSources/x86_64 -I/Users/Yinggx/Projects/AR/ORB_SLAM2_AR/ORB_SLAM2/Thirdparty/g2o/build/CMakeFiles/CMakeTmp/CMAKE_TRY_COMPILE.build/Debug/cmTC_2a1cf.build/DerivedSources -Wmost -Wno-four-char-constants -Wno-unknown-pragmas -F/Users/Yinggx/Projects/AR/ORB_SLAM2_AR/ORB_SLAM2/Thirdparty/g2o/build/CMakeFiles/CMakeTmp/Debug -DOpenMP_FLAG_DETECTED +Oopenmp -MMD -MT dependencies -MF /Users/Yinggx/Projects/AR/ORB_SLAM2_AR/ORB_SLAM2/Thirdparty/g2o/build/CMakeFiles/CMakeTmp/CMAKE_TRY_COMPILE.build/Debug/cmTC_2a1cf.build/Objects-normal/x86_64/src.d --serialize-diagnostics /Users/Yinggx/Projects/AR/ORB_SLAM2_AR/ORB_SLAM2/Thirdparty/g2o/build/CMakeFiles/CMakeTmp/CMAKE_TRY_COMPILE.build/Debug/cmTC_2a1cf.build/Objects-normal/x86_64/src.dia -c /Users/Yinggx/Projects/AR/ORB_SLAM2_AR/ORB_SLAM2/Thirdparty/g2o/build/CMakeFiles/CMakeTmp/src.cxx -o /Users/Yinggx/Projects/AR/ORB_SLAM2_AR/ORB_SLAM2/Thirdparty/g2o/build/CMakeFiles/CMakeTmp/CMAKE_TRY_COMPILE.build/Debug/cmTC_2a1cf.build/Objects-normal/x86_64/src.o
clang: error: no such file or directory: '+Oopenmp'

** BUILD FAILED **


The following build commands failed:
	CompileC CMAKE_TRY_COMPILE.build/Debug/cmTC_2a1cf.build/Objects-normal/x86_64/src.o src.cxx normal x86_64 c++ com.apple.compilers.llvm.clang.1_0.compiler
(1 failure)

Source file was:

#include <omp.h>
int main() {
#ifdef _OPENMP
  return 0;
#else
  breaks_on_purpose
#endif
}

Performing C++ SOURCE FILE Test OpenMP_FLAG_DETECTED failed with the following output:
Change Dir: /Users/Yinggx/Projects/AR/ORB_SLAM2_AR/ORB_SLAM2/Thirdparty/g2o/build/CMakeFiles/CMakeTmp

Run Build Command:"/usr/bin/xcodebuild" "-project" "CMAKE_TRY_COMPILE.xcodeproj" "build" "-target" "cmTC_5efd4" "-configuration" "Debug"
=== BUILD TARGET cmTC_5efd4 OF PROJECT CMAKE_TRY_COMPILE WITH CONFIGURATION Debug ===

Check dependencies

Write auxiliary files
/bin/mkdir -p /Users/Yinggx/Projects/AR/ORB_SLAM2_AR/ORB_SLAM2/Thirdparty/g2o/build/CMakeFiles/CMakeTmp/CMAKE_TRY_COMPILE.build/Debug/cmTC_5efd4.build/Objects-normal/x86_64
write-file /Users/Yinggx/Projects/AR/ORB_SLAM2_AR/ORB_SLAM2/Thirdparty/g2o/build/CMakeFiles/CMakeTmp/CMAKE_TRY_COMPILE.build/Debug/cmTC_5efd4.build/Objects-normal/x86_64/cmTC_5efd4.LinkFileList

CompileC CMAKE_TRY_COMPILE.build/Debug/cmTC_5efd4.build/Objects-normal/x86_64/src.o src.cxx normal x86_64 c++ com.apple.compilers.llvm.clang.1_0.compiler
    cd /Users/Yinggx/Projects/AR/ORB_SLAM2_AR/ORB_SLAM2/Thirdparty/g2o/build/CMakeFiles/CMakeTmp
    export LANG=en_US.US-ASCII
    /Applications/Xcode.app/Contents/Developer/Toolchains/XcodeDefault.xctoolchain/usr/bin/clang -x c++ -arch x86_64 -fmessage-length=0 -fdiagnostics-show-note-include-stack -fmacro-backtrace-limit=0 -Wno-trigraphs -fpascal-strings -O0 -Wno-missing-field-initializers -Wno-missing-prototypes -Wno-return-type -Wno-non-virtual-dtor -Wno-overloaded-virtual -Wno-exit-time-destructors -Wno-missing-braces -Wparentheses -Wswitch -Wno-unused-function -Wno-unused-label -Wno-unused-parameter -Wno-unused-variable -Wunused-value -Wno-empty-body -Wno-uninitialized -Wno-unknown-pragmas -Wno-shadow -Wno-four-char-constants -Wno-conversion -Wno-constant-conversion -Wno-int-conversion -Wno-bool-conversion -Wno-enum-conversion -Wno-shorten-64-to-32 -Wno-newline-eof -Wno-c++11-extensions -DCMAKE_INTDIR=\"Debug\" -DLAPACK_USE_F2C -isysroot /Applications/Xcode.app/Contents/Developer/Platforms/MacOSX.platform/Developer/SDKs/MacOSX10.11.sdk -fasm-blocks -fstrict-aliasing -Wdeprecated-declarations -Winvalid-offsetof -mmacosx-version-min=10.11 -g -Wno-sign-conversion -I/Users/Yinggx/Projects/AR/ORB_SLAM2_AR/ORB_SLAM2/Thirdparty/g2o/build/CMakeFiles/CMakeTmp/Debug/include -I/Users/Yinggx/Projects/AR/ORB_SLAM2_AR/ORB_SLAM2/Thirdparty/g2o/build/CMakeFiles/CMakeTmp/CMAKE_TRY_COMPILE.build/Debug/cmTC_5efd4.build/DerivedSources/x86_64 -I/Users/Yinggx/Projects/AR/ORB_SLAM2_AR/ORB_SLAM2/Thirdparty/g2o/build/CMakeFiles/CMakeTmp/CMAKE_TRY_COMPILE.build/Debug/cmTC_5efd4.build/DerivedSources -Wmost -Wno-four-char-constants -Wno-unknown-pragmas -F/Users/Yinggx/Projects/AR/ORB_SLAM2_AR/ORB_SLAM2/Thirdparty/g2o/build/CMakeFiles/CMakeTmp/Debug -DOpenMP_FLAG_DETECTED -qsmp -MMD -MT dependencies -MF /Users/Yinggx/Projects/AR/ORB_SLAM2_AR/ORB_SLAM2/Thirdparty/g2o/build/CMakeFiles/CMakeTmp/CMAKE_TRY_COMPILE.build/Debug/cmTC_5efd4.build/Objects-normal/x86_64/src.d --serialize-diagnostics /Users/Yinggx/Projects/AR/ORB_SLAM2_AR/ORB_SLAM2/Thirdparty/g2o/build/CMakeFiles/CMakeTmp/CMAKE_TRY_COMPILE.build/Debug/cmTC_5efd4.build/Objects-normal/x86_64/src.dia -c /Users/Yinggx/Projects/AR/ORB_SLAM2_AR/ORB_SLAM2/Thirdparty/g2o/build/CMakeFiles/CMakeTmp/src.cxx -o /Users/Yinggx/Projects/AR/ORB_SLAM2_AR/ORB_SLAM2/Thirdparty/g2o/build/CMakeFiles/CMakeTmp/CMAKE_TRY_COMPILE.build/Debug/cmTC_5efd4.build/Objects-normal/x86_64/src.o
clang: error: unknown argument: '-qsmp'

** BUILD FAILED **


The following build commands failed:
	CompileC CMAKE_TRY_COMPILE.build/Debug/cmTC_5efd4.build/Objects-normal/x86_64/src.o src.cxx normal x86_64 c++ com.apple.compilers.llvm.clang.1_0.compiler
(1 failure)

Source file was:

#include <omp.h>
int main() {
#ifdef _OPENMP
  return 0;
#else
  breaks_on_purpose
#endif
}

Performing C++ SOURCE FILE Test OpenMP_FLAG_DETECTED failed with the following output:
Change Dir: /Users/Yinggx/Projects/AR/ORB_SLAM2_AR/ORB_SLAM2/Thirdparty/g2o/build/CMakeFiles/CMakeTmp

Run Build Command:"/usr/bin/xcodebuild" "-project" "CMAKE_TRY_COMPILE.xcodeproj" "build" "-target" "cmTC_36b45" "-configuration" "Debug"
=== BUILD TARGET cmTC_36b45 OF PROJECT CMAKE_TRY_COMPILE WITH CONFIGURATION Debug ===

Check dependencies

Write auxiliary files
/bin/mkdir -p /Users/Yinggx/Projects/AR/ORB_SLAM2_AR/ORB_SLAM2/Thirdparty/g2o/build/CMakeFiles/CMakeTmp/CMAKE_TRY_COMPILE.build/Debug/cmTC_36b45.build/Objects-normal/x86_64
write-file /Users/Yinggx/Projects/AR/ORB_SLAM2_AR/ORB_SLAM2/Thirdparty/g2o/build/CMakeFiles/CMakeTmp/CMAKE_TRY_COMPILE.build/Debug/cmTC_36b45.build/Objects-normal/x86_64/cmTC_36b45.LinkFileList

CompileC CMAKE_TRY_COMPILE.build/Debug/cmTC_36b45.build/Objects-normal/x86_64/src.o src.cxx normal x86_64 c++ com.apple.compilers.llvm.clang.1_0.compiler
    cd /Users/Yinggx/Projects/AR/ORB_SLAM2_AR/ORB_SLAM2/Thirdparty/g2o/build/CMakeFiles/CMakeTmp
    export LANG=en_US.US-ASCII
    /Applications/Xcode.app/Contents/Developer/Toolchains/XcodeDefault.xctoolchain/usr/bin/clang -x c++ -arch x86_64 -fmessage-length=0 -fdiagnostics-show-note-include-stack -fmacro-backtrace-limit=0 -Wno-trigraphs -fpascal-strings -O0 -Wno-missing-field-initializers -Wno-missing-prototypes -Wno-return-type -Wno-non-virtual-dtor -Wno-overloaded-virtual -Wno-exit-time-destructors -Wno-missing-braces -Wparentheses -Wswitch -Wno-unused-function -Wno-unused-label -Wno-unused-parameter -Wno-unused-variable -Wunused-value -Wno-empty-body -Wno-uninitialized -Wno-unknown-pragmas -Wno-shadow -Wno-four-char-constants -Wno-conversion -Wno-constant-conversion -Wno-int-conversion -Wno-bool-conversion -Wno-enum-conversion -Wno-shorten-64-to-32 -Wno-newline-eof -Wno-c++11-extensions -DCMAKE_INTDIR=\"Debug\" -DLAPACK_USE_F2C -isysroot /Applications/Xcode.app/Contents/Developer/Platforms/MacOSX.platform/Developer/SDKs/MacOSX10.11.sdk -fasm-blocks -fstrict-aliasing -Wdeprecated-declarations -Winvalid-offsetof -mmacosx-version-min=10.11 -g -Wno-sign-conversion -I/Users/Yinggx/Projects/AR/ORB_SLAM2_AR/ORB_SLAM2/Thirdparty/g2o/build/CMakeFiles/CMakeTmp/Debug/include -I/Users/Yinggx/Projects/AR/ORB_SLAM2_AR/ORB_SLAM2/Thirdparty/g2o/build/CMakeFiles/CMakeTmp/CMAKE_TRY_COMPILE.build/Debug/cmTC_36b45.build/DerivedSources/x86_64 -I/Users/Yinggx/Projects/AR/ORB_SLAM2_AR/ORB_SLAM2/Thirdparty/g2o/build/CMakeFiles/CMakeTmp/CMAKE_TRY_COMPILE.build/Debug/cmTC_36b45.build/DerivedSources -Wmost -Wno-four-char-constants -Wno-unknown-pragmas -F/Users/Yinggx/Projects/AR/ORB_SLAM2_AR/ORB_SLAM2/Thirdparty/g2o/build/CMakeFiles/CMakeTmp/Debug -DOpenMP_FLAG_DETECTED -mp -MMD -MT dependencies -MF /Users/Yinggx/Projects/AR/ORB_SLAM2_AR/ORB_SLAM2/Thirdparty/g2o/build/CMakeFiles/CMakeTmp/CMAKE_TRY_COMPILE.build/Debug/cmTC_36b45.build/Objects-normal/x86_64/src.d --serialize-diagnostics /Users/Yinggx/Projects/AR/ORB_SLAM2_AR/ORB_SLAM2/Thirdparty/g2o/build/CMakeFiles/CMakeTmp/CMAKE_TRY_COMPILE.build/Debug/cmTC_36b45.build/Objects-normal/x86_64/src.dia -c /Users/Yinggx/Projects/AR/ORB_SLAM2_AR/ORB_SLAM2/Thirdparty/g2o/build/CMakeFiles/CMakeTmp/src.cxx -o /Users/Yinggx/Projects/AR/ORB_SLAM2_AR/ORB_SLAM2/Thirdparty/g2o/build/CMakeFiles/CMakeTmp/CMAKE_TRY_COMPILE.build/Debug/cmTC_36b45.build/Objects-normal/x86_64/src.o
clang: error: unknown argument: '-mp'

** BUILD FAILED **


The following build commands failed:
	CompileC CMAKE_TRY_COMPILE.build/Debug/cmTC_36b45.build/Objects-normal/x86_64/src.o src.cxx normal x86_64 c++ com.apple.compilers.llvm.clang.1_0.compiler
(1 failure)

Source file was:

#include <omp.h>
int main() {
#ifdef _OPENMP
  return 0;
#else
  breaks_on_purpose
#endif
}

